In file included from extern/tensorflow/helia_rt_v1_6_0/third_party/flatbuffers/include/flatbuffers/array.h:23,
                 from extern/tensorflow/helia_rt_v1_6_0/third_party/flatbuffers/include/flatbuffers/flatbuffers.h:24,
                 from extern/tensorflow/helia_rt_v1_6_0/./tensorflow/lite/micro/micro_interpreter.h:21,
                 from apps/basic_tf_stub/src/basic_model.h:18,
                 from apps/basic_tf_stub/src/basic_tf_stub.cc:41:
extern/tensorflow/helia_rt_v1_6_0/third_party/flatbuffers/include/flatbuffers/base.h: In function 'T flatbuffers::EndianSwap(T)':
extern/tensorflow/helia_rt_v1_6_0/third_party/flatbuffers/include/flatbuffers/base.h:31:28: error: there are no arguments to 'assert' that depend on a template parameter, so a declaration of 'assert' must be available [-fpermissive]
   31 | #define FLATBUFFERS_ASSERT assert
      |                            ^~~~~~
extern/tensorflow/helia_rt_v1_6_0/third_party/flatbuffers/include/flatbuffers/base.h:415:5: note: in expansion of macro 'FLATBUFFERS_ASSERT'
  415 |     FLATBUFFERS_ASSERT(0);
      |     ^~~~~~~~~~~~~~~~~~
extern/tensorflow/helia_rt_v1_6_0/third_party/flatbuffers/include/flatbuffers/base.h:31:28: note: (if you use '-fpermissive', G++ will accept your code, but allowing the use of an undeclared name is deprecated)
   31 | #define FLATBUFFERS_ASSERT assert
      |                            ^~~~~~
extern/tensorflow/helia_rt_v1_6_0/third_party/flatbuffers/include/flatbuffers/base.h:415:5: note: in expansion of macro 'FLATBUFFERS_ASSERT'
  415 |     FLATBUFFERS_ASSERT(0);
      |     ^~~~~~~~~~~~~~~~~~
extern/tensorflow/helia_rt_v1_6_0/third_party/flatbuffers/include/flatbuffers/buffer.h: In function 'void flatbuffers::EndianCheck()':
extern/tensorflow/helia_rt_v1_6_0/third_party/flatbuffers/include/flatbuffers/base.h:31:28: error: 'assert' was not declared in this scope
   31 | #define FLATBUFFERS_ASSERT assert
      |                            ^~~~~~
extern/tensorflow/helia_rt_v1_6_0/third_party/flatbuffers/include/flatbuffers/buffer.h:58:3: note: in expansion of macro 'FLATBUFFERS_ASSERT'
   58 |   FLATBUFFERS_ASSERT(*reinterpret_cast<char *>(&endiantest) ==
      |   ^~~~~~~~~~~~~~~~~~
In file included from extern/tensorflow/helia_rt_v1_6_0/third_party/flatbuffers/include/flatbuffers/vector.h:21,
                 from extern/tensorflow/helia_rt_v1_6_0/third_party/flatbuffers/include/flatbuffers/array.h:25:
extern/tensorflow/helia_rt_v1_6_0/third_party/flatbuffers/include/flatbuffers/buffer.h:1:1: note: 'assert' is defined in header '<cassert>'; this is probably fixable by adding '#include <cassert>'
  +++ |+#include <cassert>
    1 | /*
extern/tensorflow/helia_rt_v1_6_0/third_party/flatbuffers/include/flatbuffers/array.h: In member function 'const void* flatbuffers::Array<OffsetT<T>, length>::operator[](flatbuffers::uoffset_t) const':
extern/tensorflow/helia_rt_v1_6_0/third_party/flatbuffers/include/flatbuffers/base.h:31:28: error: there are no arguments to 'assert' that depend on a template parameter, so a declaration of 'assert' must be available [-fpermissive]
   31 | #define FLATBUFFERS_ASSERT assert
      |                            ^~~~~~
extern/tensorflow/helia_rt_v1_6_0/third_party/flatbuffers/include/flatbuffers/array.h:174:5: note: in expansion of macro 'FLATBUFFERS_ASSERT'
  174 |     FLATBUFFERS_ASSERT(false);
      |     ^~~~~~~~~~~~~~~~~~
extern/tensorflow/helia_rt_v1_6_0/third_party/flatbuffers/include/flatbuffers/verifier.h: In constructor 'flatbuffers::Verifier::Verifier(const uint8_t*, size_t, const Options&)':
extern/tensorflow/helia_rt_v1_6_0/third_party/flatbuffers/include/flatbuffers/base.h:31:28: error: 'assert' was not declared in this scope
   31 | #define FLATBUFFERS_ASSERT assert
      |                            ^~~~~~
extern/tensorflow/helia_rt_v1_6_0/third_party/flatbuffers/include/flatbuffers/verifier.h:46:5: note: in expansion of macro 'FLATBUFFERS_ASSERT'
   46 |     FLATBUFFERS_ASSERT(size_ < opts.max_size);
      |     ^~~~~~~~~~~~~~~~~~
In file included from extern/tensorflow/helia_rt_v1_6_0/third_party/flatbuffers/include/flatbuffers/buffer_ref.h:21,
                 from extern/tensorflow/helia_rt_v1_6_0/third_party/flatbuffers/include/flatbuffers/flatbuffers.h:27:
extern/tensorflow/helia_rt_v1_6_0/third_party/flatbuffers/include/flatbuffers/verifier.h:1:1: note: 'assert' is defined in header '<cassert>'; this is probably fixable by adding '#include <cassert>'
  +++ |+#include <cassert>
    1 | /*
extern/tensorflow/helia_rt_v1_6_0/third_party/flatbuffers/include/flatbuffers/verifier.h: In member function 'size_t flatbuffers::Verifier::GetComputedSize() const':
extern/tensorflow/helia_rt_v1_6_0/third_party/flatbuffers/include/flatbuffers/base.h:31:28: error: 'assert' was not declared in this scope
   31 | #define FLATBUFFERS_ASSERT assert
      |                            ^~~~~~
extern/tensorflow/helia_rt_v1_6_0/third_party/flatbuffers/include/flatbuffers/verifier.h:300:7: note: in expansion of macro 'FLATBUFFERS_ASSERT'
  300 |       FLATBUFFERS_ASSERT(false);
      |       ^~~~~~~~~~~~~~~~~~
extern/tensorflow/helia_rt_v1_6_0/third_party/flatbuffers/include/flatbuffers/base.h:31:28: note: 'assert' is defined in header '<cassert>'; this is probably fixable by adding '#include <cassert>'
   31 | #define FLATBUFFERS_ASSERT assert
      |                            ^~~~~~
extern/tensorflow/helia_rt_v1_6_0/third_party/flatbuffers/include/flatbuffers/verifier.h:300:7: note: in expansion of macro 'FLATBUFFERS_ASSERT'
  300 |       FLATBUFFERS_ASSERT(false);
      |       ^~~~~~~~~~~~~~~~~~
extern/tensorflow/helia_rt_v1_6_0/third_party/flatbuffers/include/flatbuffers/allocator.h: In member function 'virtual uint8_t* flatbuffers::Allocator::reallocate_downward(uint8_t*, size_t, size_t, size_t, size_t)':
extern/tensorflow/helia_rt_v1_6_0/third_party/flatbuffers/include/flatbuffers/base.h:31:28: error: 'assert' was not declared in this scope
   31 | #define FLATBUFFERS_ASSERT assert
      |                            ^~~~~~
extern/tensorflow/helia_rt_v1_6_0/third_party/flatbuffers/include/flatbuffers/allocator.h:44:5: note: in expansion of macro 'FLATBUFFERS_ASSERT'
   44 |     FLATBUFFERS_ASSERT(new_size > old_size);  // vector_downward only grows
      |     ^~~~~~~~~~~~~~~~~~
In file included from extern/tensorflow/helia_rt_v1_6_0/third_party/flatbuffers/include/flatbuffers/detached_buffer.h:20,
                 from extern/tensorflow/helia_rt_v1_6_0/third_party/flatbuffers/include/flatbuffers/flatbuffers.h:28:
extern/tensorflow/helia_rt_v1_6_0/third_party/flatbuffers/include/flatbuffers/allocator.h:1:1: note: 'assert' is defined in header '<cassert>'; this is probably fixable by adding '#include <cassert>'
  +++ |+#include <cassert>
    1 | /*
extern/tensorflow/helia_rt_v1_6_0/third_party/flatbuffers/include/flatbuffers/vector_downward.h: In member function 'size_t flatbuffers::vector_downward<SizeT>::ensure_space(size_t)':
extern/tensorflow/helia_rt_v1_6_0/third_party/flatbuffers/include/flatbuffers/base.h:31:28: error: there are no arguments to 'assert' that depend on a template parameter, so a declaration of 'assert' must be available [-fpermissive]
   31 | #define FLATBUFFERS_ASSERT assert
      |                            ^~~~~~
extern/tensorflow/helia_rt_v1_6_0/third_party/flatbuffers/include/flatbuffers/vector_downward.h:142:5: note: in expansion of macro 'FLATBUFFERS_ASSERT'
  142 |     FLATBUFFERS_ASSERT(cur_ >= scratch_ && scratch_ >= buf_);
      |     ^~~~~~~~~~~~~~~~~~
extern/tensorflow/helia_rt_v1_6_0/third_party/flatbuffers/include/flatbuffers/vector_downward.h: In member function 'uint8_t* flatbuffers::vector_downward<SizeT>::data() const':
extern/tensorflow/helia_rt_v1_6_0/third_party/flatbuffers/include/flatbuffers/base.h:31:28: error: there are no arguments to 'assert' that depend on a template parameter, so a declaration of 'assert' must be available [-fpermissive]
   31 | #define FLATBUFFERS_ASSERT assert
      |                            ^~~~~~
extern/tensorflow/helia_rt_v1_6_0/third_party/flatbuffers/include/flatbuffers/vector_downward.h:179:5: note: in expansion of macro 'FLATBUFFERS_ASSERT'
  179 |     FLATBUFFERS_ASSERT(cur_);
      |     ^~~~~~~~~~~~~~~~~~
extern/tensorflow/helia_rt_v1_6_0/third_party/flatbuffers/include/flatbuffers/vector_downward.h: In member function 'uint8_t* flatbuffers::vector_downward<SizeT>::scratch_data() const':
extern/tensorflow/helia_rt_v1_6_0/third_party/flatbuffers/include/flatbuffers/base.h:31:28: error: there are no arguments to 'assert' that depend on a template parameter, so a declaration of 'assert' must be available [-fpermissive]
   31 | #define FLATBUFFERS_ASSERT assert
      |                            ^~~~~~
extern/tensorflow/helia_rt_v1_6_0/third_party/flatbuffers/include/flatbuffers/vector_downward.h:184:5: note: in expansion of macro 'FLATBUFFERS_ASSERT'
  184 |     FLATBUFFERS_ASSERT(buf_);
      |     ^~~~~~~~~~~~~~~~~~
extern/tensorflow/helia_rt_v1_6_0/third_party/flatbuffers/include/flatbuffers/vector_downward.h: In member function 'uint8_t* flatbuffers::vector_downward<SizeT>::scratch_end() const':
extern/tensorflow/helia_rt_v1_6_0/third_party/flatbuffers/include/flatbuffers/base.h:31:28: error: there are no arguments to 'assert' that depend on a template parameter, so a declaration of 'assert' must be available [-fpermissive]
   31 | #define FLATBUFFERS_ASSERT assert
      |                            ^~~~~~
extern/tensorflow/helia_rt_v1_6_0/third_party/flatbuffers/include/flatbuffers/vector_downward.h:189:5: note: in expansion of macro 'FLATBUFFERS_ASSERT'
  189 |     FLATBUFFERS_ASSERT(scratch_);
      |     ^~~~~~~~~~~~~~~~~~
extern/tensorflow/helia_rt_v1_6_0/third_party/flatbuffers/include/flatbuffers/flatbuffer_builder.h: In member function 'void flatbuffers::FlatBufferBuilderImpl<Is64Aware>::Finished() const':
extern/tensorflow/helia_rt_v1_6_0/third_party/flatbuffers/include/flatbuffers/base.h:31:28: error: there are no arguments to 'assert' that depend on a template parameter, so a declaration of 'assert' must be available [-fpermissive]
   31 | #define FLATBUFFERS_ASSERT assert
      |                            ^~~~~~
extern/tensorflow/helia_rt_v1_6_0/third_party/flatbuffers/include/flatbuffers/flatbuffer_builder.h:271:5: note: in expansion of macro 'FLATBUFFERS_ASSERT'
  271 |     FLATBUFFERS_ASSERT(finished);
      |     ^~~~~~~~~~~~~~~~~~
extern/tensorflow/helia_rt_v1_6_0/third_party/flatbuffers/include/flatbuffers/flatbuffer_builder.h: In member function 'void flatbuffers::FlatBufferBuilderImpl<Is64Aware>::NotNested()':
extern/tensorflow/helia_rt_v1_6_0/third_party/flatbuffers/include/flatbuffers/base.h:31:28: error: there are no arguments to 'assert' that depend on a template parameter, so a declaration of 'assert' must be available [-fpermissive]
   31 | #define FLATBUFFERS_ASSERT assert
      |                            ^~~~~~
extern/tensorflow/helia_rt_v1_6_0/third_party/flatbuffers/include/flatbuffers/flatbuffer_builder.h:406:5: note: in expansion of macro 'FLATBUFFERS_ASSERT'
  406 |     FLATBUFFERS_ASSERT(!nested);
      |     ^~~~~~~~~~~~~~~~~~
extern/tensorflow/helia_rt_v1_6_0/third_party/flatbuffers/include/flatbuffers/base.h:31:28: error: there are no arguments to 'assert' that depend on a template parameter, so a declaration of 'assert' must be available [-fpermissive]
   31 | #define FLATBUFFERS_ASSERT assert
      |                            ^~~~~~
extern/tensorflow/helia_rt_v1_6_0/third_party/flatbuffers/include/flatbuffers/flatbuffer_builder.h:408:5: note: in expansion of macro 'FLATBUFFERS_ASSERT'
  408 |     FLATBUFFERS_ASSERT(!num_field_loc);
      |     ^~~~~~~~~~~~~~~~~~
extern/tensorflow/helia_rt_v1_6_0/third_party/flatbuffers/include/flatbuffers/flatbuffer_builder.h: In member function 'flatbuffers::uoffset_t flatbuffers::FlatBufferBuilderImpl<Is64Aware>::EndTable(flatbuffers::uoffset_t)':
extern/tensorflow/helia_rt_v1_6_0/third_party/flatbuffers/include/flatbuffers/base.h:31:28: error: there are no arguments to 'assert' that depend on a template parameter, so a declaration of 'assert' must be available [-fpermissive]
   31 | #define FLATBUFFERS_ASSERT assert
      |                            ^~~~~~
extern/tensorflow/helia_rt_v1_6_0/third_party/flatbuffers/include/flatbuffers/flatbuffer_builder.h:424:5: note: in expansion of macro 'FLATBUFFERS_ASSERT'
  424 |     FLATBUFFERS_ASSERT(nested);
      |     ^~~~~~~~~~~~~~~~~~
extern/tensorflow/helia_rt_v1_6_0/third_party/flatbuffers/include/flatbuffers/base.h:31:28: error: there are no arguments to 'assert' that depend on a template parameter, so a declaration of 'assert' must be available [-fpermissive]
   31 | #define FLATBUFFERS_ASSERT assert
      |                            ^~~~~~
extern/tensorflow/helia_rt_v1_6_0/third_party/flatbuffers/include/flatbuffers/flatbuffer_builder.h:441:5: note: in expansion of macro 'FLATBUFFERS_ASSERT'
  441 |     FLATBUFFERS_ASSERT(table_object_size < 0x10000);
      |     ^~~~~~~~~~~~~~~~~~
extern/tensorflow/helia_rt_v1_6_0/third_party/flatbuffers/include/flatbuffers/flatbuffer_builder.h: In member function 'void flatbuffers::FlatBufferBuilderImpl<Is64Aware>::Required(flatbuffers::Offset<T>, flatbuffers::voffset_t)':
extern/tensorflow/helia_rt_v1_6_0/third_party/flatbuffers/include/flatbuffers/base.h:31:28: error: there are no arguments to 'assert' that depend on a template parameter, so a declaration of 'assert' must be available [-fpermissive]
   31 | #define FLATBUFFERS_ASSERT assert
      |                            ^~~~~~
extern/tensorflow/helia_rt_v1_6_0/third_party/flatbuffers/include/flatbuffers/flatbuffer_builder.h:501:5: note: in expansion of macro 'FLATBUFFERS_ASSERT'
  501 |     FLATBUFFERS_ASSERT(ok);
      |     ^~~~~~~~~~~~~~~~~~
extern/tensorflow/helia_rt_v1_6_0/third_party/flatbuffers/include/flatbuffers/flatbuffer_builder.h: In member function 'flatbuffers::Offset<flatbuffers::String> flatbuffers::FlatBufferBuilderImpl<Is64Aware>::CreateSharedString(const char*, size_t)':
extern/tensorflow/helia_rt_v1_6_0/third_party/flatbuffers/include/flatbuffers/base.h:31:28: error: there are no arguments to 'assert' that depend on a template parameter, so a declaration of 'assert' must be available [-fpermissive]
   31 | #define FLATBUFFERS_ASSERT assert
      |                            ^~~~~~
extern/tensorflow/helia_rt_v1_6_0/third_party/flatbuffers/include/flatbuffers/flatbuffer_builder.h:609:5: note: in expansion of macro 'FLATBUFFERS_ASSERT'
  609 |     FLATBUFFERS_ASSERT(FLATBUFFERS_GENERAL_HEAP_ALLOC_OK);
      |     ^~~~~~~~~~~~~~~~~~
extern/tensorflow/helia_rt_v1_6_0/third_party/flatbuffers/include/flatbuffers/flatbuffer_builder.h: In member function 'ReturnT flatbuffers::FlatBufferBuilderImpl<Is64Aware>::EndVector(size_t)':
extern/tensorflow/helia_rt_v1_6_0/third_party/flatbuffers/include/flatbuffers/base.h:31:28: error: there are no arguments to 'assert' that depend on a template parameter, so a declaration of 'assert' must be available [-fpermissive]
   31 | #define FLATBUFFERS_ASSERT assert
      |                            ^~~~~~
extern/tensorflow/helia_rt_v1_6_0/third_party/flatbuffers/include/flatbuffers/flatbuffer_builder.h:675:5: note: in expansion of macro 'FLATBUFFERS_ASSERT'
  675 |     FLATBUFFERS_ASSERT(nested);  // Hit if no corresponding StartVector.
      |     ^~~~~~~~~~~~~~~~~~
extern/tensorflow/helia_rt_v1_6_0/third_party/flatbuffers/include/flatbuffers/flatbuffer_builder.h: In member function 'void flatbuffers::FlatBufferBuilderImpl<Is64Aware>::ForceVectorAlignment(size_t, size_t, size_t)':
extern/tensorflow/helia_rt_v1_6_0/third_party/flatbuffers/include/flatbuffers/base.h:31:28: error: there are no arguments to 'assert' that depend on a template parameter, so a declaration of 'assert' must be available [-fpermissive]
   31 | #define FLATBUFFERS_ASSERT assert
      |                            ^~~~~~
extern/tensorflow/helia_rt_v1_6_0/third_party/flatbuffers/include/flatbuffers/flatbuffer_builder.h:703:5: note: in expansion of macro 'FLATBUFFERS_ASSERT'
  703 |     FLATBUFFERS_ASSERT(VerifyAlignmentRequirements(alignment));
      |     ^~~~~~~~~~~~~~~~~~
extern/tensorflow/helia_rt_v1_6_0/third_party/flatbuffers/include/flatbuffers/flatbuffer_builder.h: In member function 'void flatbuffers::FlatBufferBuilderImpl<Is64Aware>::ForceStringAlignment(size_t, size_t)':
extern/tensorflow/helia_rt_v1_6_0/third_party/flatbuffers/include/flatbuffers/base.h:31:28: error: there are no arguments to 'assert' that depend on a template parameter, so a declaration of 'assert' must be available [-fpermissive]
   31 | #define FLATBUFFERS_ASSERT assert
      |                            ^~~~~~
extern/tensorflow/helia_rt_v1_6_0/third_party/flatbuffers/include/flatbuffers/flatbuffer_builder.h:710:5: note: in expansion of macro 'FLATBUFFERS_ASSERT'
  710 |     FLATBUFFERS_ASSERT(VerifyAlignmentRequirements(alignment));
      |     ^~~~~~~~~~~~~~~~~~
extern/tensorflow/helia_rt_v1_6_0/third_party/flatbuffers/include/flatbuffers/flatbuffer_builder.h: In member function 'flatbuffers::Offset<flatbuffers::Vector<T> > flatbuffers::FlatBufferBuilderImpl<Is64Aware>::CreateVector(size_t, const std::function<T(unsigned int)>&)':
extern/tensorflow/helia_rt_v1_6_0/third_party/flatbuffers/include/flatbuffers/base.h:31:28: error: there are no arguments to 'assert' that depend on a template parameter, so a declaration of 'assert' must be available [-fpermissive]
   31 | #define FLATBUFFERS_ASSERT assert
      |                            ^~~~~~
extern/tensorflow/helia_rt_v1_6_0/third_party/flatbuffers/include/flatbuffers/flatbuffer_builder.h:819:5: note: in expansion of macro 'FLATBUFFERS_ASSERT'
  819 |     FLATBUFFERS_ASSERT(FLATBUFFERS_GENERAL_HEAP_ALLOC_OK);
      |     ^~~~~~~~~~~~~~~~~~
extern/tensorflow/helia_rt_v1_6_0/third_party/flatbuffers/include/flatbuffers/flatbuffer_builder.h: In member function 'flatbuffers::Offset<flatbuffers::Vector<T> > flatbuffers::FlatBufferBuilderImpl<Is64Aware>::CreateVector(size_t, F, S*)':
extern/tensorflow/helia_rt_v1_6_0/third_party/flatbuffers/include/flatbuffers/base.h:31:28: error: there are no arguments to 'assert' that depend on a template parameter, so a declaration of 'assert' must be available [-fpermissive]
   31 | #define FLATBUFFERS_ASSERT assert
      |                            ^~~~~~
extern/tensorflow/helia_rt_v1_6_0/third_party/flatbuffers/include/flatbuffers/flatbuffer_builder.h:838:5: note: in expansion of macro 'FLATBUFFERS_ASSERT'
  838 |     FLATBUFFERS_ASSERT(FLATBUFFERS_GENERAL_HEAP_ALLOC_OK);
      |     ^~~~~~~~~~~~~~~~~~
extern/tensorflow/helia_rt_v1_6_0/third_party/flatbuffers/include/flatbuffers/flatbuffer_builder.h: In member function 'void flatbuffers::FlatBufferBuilderImpl<Is64Aware>::Finish(flatbuffers::uoffset_t, const char*, bool)':
extern/tensorflow/helia_rt_v1_6_0/third_party/flatbuffers/include/flatbuffers/base.h:31:28: error: there are no arguments to 'assert' that depend on a template parameter, so a declaration of 'assert' must be available [-fpermissive]
   31 | #define FLATBUFFERS_ASSERT assert
      |                            ^~~~~~
extern/tensorflow/helia_rt_v1_6_0/third_party/flatbuffers/include/flatbuffers/flatbuffer_builder.h:1261:7: note: in expansion of macro 'FLATBUFFERS_ASSERT'
 1261 |       FLATBUFFERS_ASSERT(strlen(file_identifier) == kFileIdentifierLength);
      |       ^~~~~~~~~~~~~~~~~~
extern/tensorflow/helia_rt_v1_6_0/third_party/flatbuffers/include/flatbuffers/flatbuffers.h: In function 'const uint8_t* flatbuffers::GetBufferStartFromRootPointer(const void*)':
extern/tensorflow/helia_rt_v1_6_0/third_party/flatbuffers/include/flatbuffers/base.h:31:28: error: 'assert' was not declared in this scope
   31 | #define FLATBUFFERS_ASSERT assert
      |                            ^~~~~~
extern/tensorflow/helia_rt_v1_6_0/third_party/flatbuffers/include/flatbuffers/flatbuffers.h:74:3: note: in expansion of macro 'FLATBUFFERS_ASSERT'
   74 |   FLATBUFFERS_ASSERT(false);
      |   ^~~~~~~~~~~~~~~~~~
extern/tensorflow/helia_rt_v1_6_0/third_party/flatbuffers/include/flatbuffers/flatbuffers.h:30:1: note: 'assert' is defined in header '<cassert>'; this is probably fixable by adding '#include <cassert>'
   29 | #include "flatbuffers/flatbuffer_builder.h"
  +++ |+#include <cassert>
   30 | #include "flatbuffers/stl_emulation.h"
extern/tensorflow/helia_rt_v1_6_0/third_party/flatbuffers/include/flatbuffers/util.h: In function 'bool flatbuffers::check_ascii_range(char, char, char)':
extern/tensorflow/helia_rt_v1_6_0/third_party/flatbuffers/include/flatbuffers/base.h:31:28: error: 'assert' was not declared in this scope
   31 | #define FLATBUFFERS_ASSERT assert
      |                            ^~~~~~
extern/tensorflow/helia_rt_v1_6_0/third_party/flatbuffers/include/flatbuffers/util.h:51:3: note: in expansion of macro 'FLATBUFFERS_ASSERT'
   51 |   FLATBUFFERS_ASSERT(a <= b);
      |   ^~~~~~~~~~~~~~~~~~
In file included from extern/tensorflow/helia_rt_v1_6_0/third_party/flatbuffers/include/flatbuffers/flexbuffers.h:25,
                 from extern/tensorflow/helia_rt_v1_6_0/./tensorflow/lite/micro/flatbuffer_utils.h:20,
                 from extern/tensorflow/helia_rt_v1_6_0/./tensorflow/lite/micro/micro_allocator.h:23,
                 from extern/tensorflow/helia_rt_v1_6_0/./tensorflow/lite/micro/micro_interpreter.h:26:
extern/tensorflow/helia_rt_v1_6_0/third_party/flatbuffers/include/flatbuffers/util.h:41:1: note: 'assert' is defined in header '<cassert>'; this is probably fixable by adding '#include <cassert>'
   40 | #include <cmath>
  +++ |+#include <cassert>
   41 | #include <limits>
extern/tensorflow/helia_rt_v1_6_0/third_party/flatbuffers/include/flatbuffers/util.h: In function 'bool flatbuffers::is_alpha_char(char, char)':
extern/tensorflow/helia_rt_v1_6_0/third_party/flatbuffers/include/flatbuffers/base.h:31:28: error: 'assert' was not declared in this scope
   31 | #define FLATBUFFERS_ASSERT assert
      |                            ^~~~~~
extern/tensorflow/helia_rt_v1_6_0/third_party/flatbuffers/include/flatbuffers/util.h:68:3: note: in expansion of macro 'FLATBUFFERS_ASSERT'
   68 |   FLATBUFFERS_ASSERT(is_alpha(alpha));
      |   ^~~~~~~~~~~~~~~~~~
extern/tensorflow/helia_rt_v1_6_0/third_party/flatbuffers/include/flatbuffers/base.h:31:28: note: 'assert' is defined in header '<cassert>'; this is probably fixable by adding '#include <cassert>'
   31 | #define FLATBUFFERS_ASSERT assert
      |                            ^~~~~~
extern/tensorflow/helia_rt_v1_6_0/third_party/flatbuffers/include/flatbuffers/util.h:68:3: note: in expansion of macro 'FLATBUFFERS_ASSERT'
   68 |   FLATBUFFERS_ASSERT(is_alpha(alpha));
      |   ^~~~~~~~~~~~~~~~~~
extern/tensorflow/helia_rt_v1_6_0/third_party/flatbuffers/include/flatbuffers/util.h: In function 'std::string flatbuffers::IntToStringHex(int, int)':
extern/tensorflow/helia_rt_v1_6_0/third_party/flatbuffers/include/flatbuffers/base.h:31:28: error: 'assert' was not declared in this scope
   31 | #define FLATBUFFERS_ASSERT assert
      |                            ^~~~~~
extern/tensorflow/helia_rt_v1_6_0/third_party/flatbuffers/include/flatbuffers/util.h:197:3: note: in expansion of macro 'FLATBUFFERS_ASSERT'
  197 |   FLATBUFFERS_ASSERT(i >= 0);
      |   ^~~~~~~~~~~~~~~~~~
extern/tensorflow/helia_rt_v1_6_0/third_party/flatbuffers/include/flatbuffers/base.h:31:28: note: 'assert' is defined in header '<cassert>'; this is probably fixable by adding '#include <cassert>'
   31 | #define FLATBUFFERS_ASSERT assert
      |                            ^~~~~~
extern/tensorflow/helia_rt_v1_6_0/third_party/flatbuffers/include/flatbuffers/util.h:197:3: note: in expansion of macro 'FLATBUFFERS_ASSERT'
  197 |   FLATBUFFERS_ASSERT(i >= 0);
      |   ^~~~~~~~~~~~~~~~~~
extern/tensorflow/helia_rt_v1_6_0/third_party/flatbuffers/include/flatbuffers/util.h: In function 'bool flatbuffers::StringToIntegerImpl(T*, const char*, int, bool)':
extern/tensorflow/helia_rt_v1_6_0/third_party/flatbuffers/include/flatbuffers/base.h:31:28: error: there are no arguments to 'assert' that depend on a template parameter, so a declaration of 'assert' must be available [-fpermissive]
   31 | #define FLATBUFFERS_ASSERT assert
      |                            ^~~~~~
extern/tensorflow/helia_rt_v1_6_0/third_party/flatbuffers/include/flatbuffers/util.h:293:3: note: in expansion of macro 'FLATBUFFERS_ASSERT'
  293 |   FLATBUFFERS_ASSERT(str);
      |   ^~~~~~~~~~~~~~~~~~
extern/tensorflow/helia_rt_v1_6_0/third_party/flatbuffers/include/flatbuffers/util.h: In function 'int flatbuffers::ToUTF8(uint32_t, std::string*)':
extern/tensorflow/helia_rt_v1_6_0/third_party/flatbuffers/include/flatbuffers/base.h:31:28: error: 'assert' was not declared in this scope
   31 | #define FLATBUFFERS_ASSERT assert
      |                            ^~~~~~
extern/tensorflow/helia_rt_v1_6_0/third_party/flatbuffers/include/flatbuffers/util.h:501:3: note: in expansion of macro 'FLATBUFFERS_ASSERT'
  501 |   FLATBUFFERS_ASSERT(!(ucc & 0x80000000));  // Top bit can't be set.
      |   ^~~~~~~~~~~~~~~~~~
extern/tensorflow/helia_rt_v1_6_0/third_party/flatbuffers/include/flatbuffers/base.h:31:28: note: 'assert' is defined in header '<cassert>'; this is probably fixable by adding '#include <cassert>'
   31 | #define FLATBUFFERS_ASSERT assert
      |                            ^~~~~~
extern/tensorflow/helia_rt_v1_6_0/third_party/flatbuffers/include/flatbuffers/util.h:501:3: note: in expansion of macro 'FLATBUFFERS_ASSERT'
  501 |   FLATBUFFERS_ASSERT(!(ucc & 0x80000000));  // Top bit can't be set.
      |   ^~~~~~~~~~~~~~~~~~
extern/tensorflow/helia_rt_v1_6_0/third_party/flatbuffers/include/flatbuffers/flexbuffers.h: In function 'flexbuffers::Type flexbuffers::ToTypedVector(Type, size_t)':
extern/tensorflow/helia_rt_v1_6_0/third_party/flatbuffers/include/flatbuffers/base.h:31:28: error: 'assert' was not declared in this scope
   31 | #define FLATBUFFERS_ASSERT assert
      |                            ^~~~~~
extern/tensorflow/helia_rt_v1_6_0/third_party/flatbuffers/include/flatbuffers/flexbuffers.h:105:3: note: in expansion of macro 'FLATBUFFERS_ASSERT'
  105 |   FLATBUFFERS_ASSERT(IsTypedVectorElementType(t));
      |   ^~~~~~~~~~~~~~~~~~
extern/tensorflow/helia_rt_v1_6_0/third_party/flatbuffers/include/flatbuffers/flexbuffers.h:26:1: note: 'assert' is defined in header '<cassert>'; this is probably fixable by adding '#include <cassert>'
   25 | #include "flatbuffers/util.h"
  +++ |+#include <cassert>
   26 | 
extern/tensorflow/helia_rt_v1_6_0/third_party/flatbuffers/include/flatbuffers/flexbuffers.h: In function 'flexbuffers::Type flexbuffers::ToTypedVectorElementType(Type)':
extern/tensorflow/helia_rt_v1_6_0/third_party/flatbuffers/include/flatbuffers/base.h:31:28: error: 'assert' was not declared in this scope
   31 | #define FLATBUFFERS_ASSERT assert
      |                            ^~~~~~
extern/tensorflow/helia_rt_v1_6_0/third_party/flatbuffers/include/flatbuffers/flexbuffers.h:116:3: note: in expansion of macro 'FLATBUFFERS_ASSERT'
  116 |   FLATBUFFERS_ASSERT(IsTypedVector(t));
      |   ^~~~~~~~~~~~~~~~~~
extern/tensorflow/helia_rt_v1_6_0/third_party/flatbuffers/include/flatbuffers/base.h:31:28: note: 'assert' is defined in header '<cassert>'; this is probably fixable by adding '#include <cassert>'
   31 | #define FLATBUFFERS_ASSERT assert
      |                            ^~~~~~
extern/tensorflow/helia_rt_v1_6_0/third_party/flatbuffers/include/flatbuffers/flexbuffers.h:116:3: note: in expansion of macro 'FLATBUFFERS_ASSERT'
  116 |   FLATBUFFERS_ASSERT(IsTypedVector(t));
      |   ^~~~~~~~~~~~~~~~~~
extern/tensorflow/helia_rt_v1_6_0/third_party/flatbuffers/include/flatbuffers/flexbuffers.h: In function 'flexbuffers::Type flexbuffers::ToFixedTypedVectorElementType(Type, uint8_t*)':
extern/tensorflow/helia_rt_v1_6_0/third_party/flatbuffers/include/flatbuffers/base.h:31:28: error: 'assert' was not declared in this scope
   31 | #define FLATBUFFERS_ASSERT assert
      |                            ^~~~~~
extern/tensorflow/helia_rt_v1_6_0/third_party/flatbuffers/include/flatbuffers/flexbuffers.h:121:3: note: in expansion of macro 'FLATBUFFERS_ASSERT'
  121 |   FLATBUFFERS_ASSERT(IsFixedTypedVector(t));
      |   ^~~~~~~~~~~~~~~~~~
extern/tensorflow/helia_rt_v1_6_0/third_party/flatbuffers/include/flatbuffers/base.h:31:28: note: 'assert' is defined in header '<cassert>'; this is probably fixable by adding '#include <cassert>'
   31 | #define FLATBUFFERS_ASSERT assert
      |                            ^~~~~~
extern/tensorflow/helia_rt_v1_6_0/third_party/flatbuffers/include/flatbuffers/flexbuffers.h:121:3: note: in expansion of macro 'FLATBUFFERS_ASSERT'
  121 |   FLATBUFFERS_ASSERT(IsFixedTypedVector(t));
      |   ^~~~~~~~~~~~~~~~~~
extern/tensorflow/helia_rt_v1_6_0/third_party/flatbuffers/include/flatbuffers/flexbuffers.h: In member function 'bool flexbuffers::Reference::MutateF(const uint8_t*, T, size_t, flexbuffers::BitWidth)':
extern/tensorflow/helia_rt_v1_6_0/third_party/flatbuffers/include/flatbuffers/base.h:31:28: error: there are no arguments to 'assert' that depend on a template parameter, so a declaration of 'assert' must be available [-fpermissive]
   31 | #define FLATBUFFERS_ASSERT assert
      |                            ^~~~~~
extern/tensorflow/helia_rt_v1_6_0/third_party/flatbuffers/include/flatbuffers/flexbuffers.h:788:5: note: in expansion of macro 'FLATBUFFERS_ASSERT'
  788 |     FLATBUFFERS_ASSERT(false);
      |     ^~~~~~~~~~~~~~~~~~
extern/tensorflow/helia_rt_v1_6_0/third_party/flatbuffers/include/flatbuffers/flexbuffers.h: In member function 'flexbuffers::Reference flexbuffers::Map::operator[](const char*) const':
extern/tensorflow/helia_rt_v1_6_0/third_party/flatbuffers/include/flatbuffers/base.h:31:28: error: 'assert' was not declared in this scope
   31 | #define FLATBUFFERS_ASSERT assert
      |                            ^~~~~~
extern/tensorflow/helia_rt_v1_6_0/third_party/flatbuffers/include/flatbuffers/flexbuffers.h:888:14: note: in expansion of macro 'FLATBUFFERS_ASSERT'
  888 |     default: FLATBUFFERS_ASSERT(false); return Reference();
      |              ^~~~~~~~~~~~~~~~~~
extern/tensorflow/helia_rt_v1_6_0/third_party/flatbuffers/include/flatbuffers/base.h:31:28: note: 'assert' is defined in header '<cassert>'; this is probably fixable by adding '#include <cassert>'
   31 | #define FLATBUFFERS_ASSERT assert
      |                            ^~~~~~
extern/tensorflow/helia_rt_v1_6_0/third_party/flatbuffers/include/flatbuffers/flexbuffers.h:888:14: note: in expansion of macro 'FLATBUFFERS_ASSERT'
  888 |     default: FLATBUFFERS_ASSERT(false); return Reference();
      |              ^~~~~~~~~~~~~~~~~~
extern/tensorflow/helia_rt_v1_6_0/third_party/flatbuffers/include/flatbuffers/flexbuffers.h: In member function 'size_t flexbuffers::Builder::EndMap(size_t)':
extern/tensorflow/helia_rt_v1_6_0/third_party/flatbuffers/include/flatbuffers/base.h:31:28: error: 'assert' was not declared in this scope
   31 | #define FLATBUFFERS_ASSERT assert
      |                            ^~~~~~
extern/tensorflow/helia_rt_v1_6_0/third_party/flatbuffers/include/flatbuffers/flexbuffers.h:1148:5: note: in expansion of macro 'FLATBUFFERS_ASSERT'
 1148 |     FLATBUFFERS_ASSERT(!(len & 1));
      |     ^~~~~~~~~~~~~~~~~~
extern/tensorflow/helia_rt_v1_6_0/third_party/flatbuffers/include/flatbuffers/base.h:31:28: note: 'assert' is defined in header '<cassert>'; this is probably fixable by adding '#include <cassert>'
   31 | #define FLATBUFFERS_ASSERT assert
      |                            ^~~~~~
extern/tensorflow/helia_rt_v1_6_0/third_party/flatbuffers/include/flatbuffers/flexbuffers.h:1148:5: note: in expansion of macro 'FLATBUFFERS_ASSERT'
 1148 |     FLATBUFFERS_ASSERT(!(len & 1));
      |     ^~~~~~~~~~~~~~~~~~
extern/tensorflow/helia_rt_v1_6_0/third_party/flatbuffers/include/flatbuffers/flexbuffers.h: In member function 'size_t flexbuffers::Builder::FixedTypedVector(const T*, size_t)':
extern/tensorflow/helia_rt_v1_6_0/third_party/flatbuffers/include/flatbuffers/base.h:31:28: error: there are no arguments to 'assert' that depend on a template parameter, so a declaration of 'assert' must be available [-fpermissive]
   31 | #define FLATBUFFERS_ASSERT assert
      |                            ^~~~~~
extern/tensorflow/helia_rt_v1_6_0/third_party/flatbuffers/include/flatbuffers/flexbuffers.h:1268:5: note: in expansion of macro 'FLATBUFFERS_ASSERT'
 1268 |     FLATBUFFERS_ASSERT(len >= 2 && len <= 4);
      |     ^~~~~~~~~~~~~~~~~~
extern/tensorflow/helia_rt_v1_6_0/third_party/flatbuffers/include/flatbuffers/flexbuffers.h: In member function 'void flexbuffers::Builder::Finish()':
extern/tensorflow/helia_rt_v1_6_0/third_party/flatbuffers/include/flatbuffers/base.h:31:28: error: 'assert' was not declared in this scope
   31 | #define FLATBUFFERS_ASSERT assert
      |                            ^~~~~~
extern/tensorflow/helia_rt_v1_6_0/third_party/flatbuffers/include/flatbuffers/flexbuffers.h:1367:5: note: in expansion of macro 'FLATBUFFERS_ASSERT'
 1367 |     FLATBUFFERS_ASSERT(stack_.size() == 1);
      |     ^~~~~~~~~~~~~~~~~~
extern/tensorflow/helia_rt_v1_6_0/third_party/flatbuffers/include/flatbuffers/base.h:31:28: note: 'assert' is defined in header '<cassert>'; this is probably fixable by adding '#include <cassert>'
   31 | #define FLATBUFFERS_ASSERT assert
      |                            ^~~~~~
extern/tensorflow/helia_rt_v1_6_0/third_party/flatbuffers/include/flatbuffers/flexbuffers.h:1367:5: note: in expansion of macro 'FLATBUFFERS_ASSERT'
 1367 |     FLATBUFFERS_ASSERT(stack_.size() == 1);
      |     ^~~~~~~~~~~~~~~~~~
extern/tensorflow/helia_rt_v1_6_0/third_party/flatbuffers/include/flatbuffers/flexbuffers.h: In member function 'void flexbuffers::Builder::Finished() const':
extern/tensorflow/helia_rt_v1_6_0/third_party/flatbuffers/include/flatbuffers/base.h:31:28: error: 'assert' was not declared in this scope
   31 | #define FLATBUFFERS_ASSERT assert
      |                            ^~~~~~
extern/tensorflow/helia_rt_v1_6_0/third_party/flatbuffers/include/flatbuffers/flexbuffers.h:1385:5: note: in expansion of macro 'FLATBUFFERS_ASSERT'
 1385 |     FLATBUFFERS_ASSERT(finished_);
      |     ^~~~~~~~~~~~~~~~~~
extern/tensorflow/helia_rt_v1_6_0/third_party/flatbuffers/include/flatbuffers/base.h:31:28: note: 'assert' is defined in header '<cassert>'; this is probably fixable by adding '#include <cassert>'
   31 | #define FLATBUFFERS_ASSERT assert
      |                            ^~~~~~
extern/tensorflow/helia_rt_v1_6_0/third_party/flatbuffers/include/flatbuffers/flexbuffers.h:1385:5: note: in expansion of macro 'FLATBUFFERS_ASSERT'
 1385 |     FLATBUFFERS_ASSERT(finished_);
      |     ^~~~~~~~~~~~~~~~~~
extern/tensorflow/helia_rt_v1_6_0/third_party/flatbuffers/include/flatbuffers/flexbuffers.h: In member function 'void flexbuffers::Builder::Write(T, size_t)':
extern/tensorflow/helia_rt_v1_6_0/third_party/flatbuffers/include/flatbuffers/base.h:31:28: error: there are no arguments to 'assert' that depend on a template parameter, so a declaration of 'assert' must be available [-fpermissive]
   31 | #define FLATBUFFERS_ASSERT assert
      |                            ^~~~~~
extern/tensorflow/helia_rt_v1_6_0/third_party/flatbuffers/include/flatbuffers/flexbuffers.h:1402:5: note: in expansion of macro 'FLATBUFFERS_ASSERT'
 1402 |     FLATBUFFERS_ASSERT(sizeof(T) >= byte_width);
      |     ^~~~~~~~~~~~~~~~~~
extern/tensorflow/helia_rt_v1_6_0/third_party/flatbuffers/include/flatbuffers/flexbuffers.h: In member function 'void flexbuffers::Builder::WriteDouble(double, uint8_t)':
extern/tensorflow/helia_rt_v1_6_0/third_party/flatbuffers/include/flatbuffers/base.h:31:28: error: 'assert' was not declared in this scope
   31 | #define FLATBUFFERS_ASSERT assert
      |                            ^~~~~~
extern/tensorflow/helia_rt_v1_6_0/third_party/flatbuffers/include/flatbuffers/flexbuffers.h:1413:16: note: in expansion of macro 'FLATBUFFERS_ASSERT'
 1413 |       default: FLATBUFFERS_ASSERT(0);
      |                ^~~~~~~~~~~~~~~~~~
extern/tensorflow/helia_rt_v1_6_0/third_party/flatbuffers/include/flatbuffers/base.h:31:28: note: 'assert' is defined in header '<cassert>'; this is probably fixable by adding '#include <cassert>'
   31 | #define FLATBUFFERS_ASSERT assert
      |                            ^~~~~~
extern/tensorflow/helia_rt_v1_6_0/third_party/flatbuffers/include/flatbuffers/flexbuffers.h:1413:16: note: in expansion of macro 'FLATBUFFERS_ASSERT'
 1413 |       default: FLATBUFFERS_ASSERT(0);
      |                ^~~~~~~~~~~~~~~~~~
extern/tensorflow/helia_rt_v1_6_0/third_party/flatbuffers/include/flatbuffers/flexbuffers.h: In member function 'void flexbuffers::Builder::WriteOffset(uint64_t, uint8_t)':
extern/tensorflow/helia_rt_v1_6_0/third_party/flatbuffers/include/flatbuffers/base.h:31:28: error: 'assert' was not declared in this scope
   31 | #define FLATBUFFERS_ASSERT assert
      |                            ^~~~~~
extern/tensorflow/helia_rt_v1_6_0/third_party/flatbuffers/include/flatbuffers/flexbuffers.h:1419:5: note: in expansion of macro 'FLATBUFFERS_ASSERT'
 1419 |     FLATBUFFERS_ASSERT(byte_width == 8 || reloff < 1ULL << (byte_width * 8));
      |     ^~~~~~~~~~~~~~~~~~
extern/tensorflow/helia_rt_v1_6_0/third_party/flatbuffers/include/flatbuffers/base.h:31:28: note: 'assert' is defined in header '<cassert>'; this is probably fixable by adding '#include <cassert>'
   31 | #define FLATBUFFERS_ASSERT assert
      |                            ^~~~~~
extern/tensorflow/helia_rt_v1_6_0/third_party/flatbuffers/include/flatbuffers/flexbuffers.h:1419:5: note: in expansion of macro 'FLATBUFFERS_ASSERT'
 1419 |     FLATBUFFERS_ASSERT(byte_width == 8 || reloff < 1ULL << (byte_width * 8));
      |     ^~~~~~~~~~~~~~~~~~
extern/tensorflow/helia_rt_v1_6_0/third_party/flatbuffers/include/flatbuffers/flexbuffers.h: In static member function 'static flexbuffers::BitWidth flexbuffers::Builder::WidthB(size_t)':
extern/tensorflow/helia_rt_v1_6_0/third_party/flatbuffers/include/flatbuffers/base.h:31:28: error: 'assert' was not declared in this scope
   31 | #define FLATBUFFERS_ASSERT assert
      |                            ^~~~~~
extern/tensorflow/helia_rt_v1_6_0/third_party/flatbuffers/include/flatbuffers/flexbuffers.h:1436:16: note: in expansion of macro 'FLATBUFFERS_ASSERT'
 1436 |       default: FLATBUFFERS_ASSERT(false); return BIT_WIDTH_64;
      |                ^~~~~~~~~~~~~~~~~~
extern/tensorflow/helia_rt_v1_6_0/third_party/flatbuffers/include/flatbuffers/base.h:31:28: note: 'assert' is defined in header '<cassert>'; this is probably fixable by adding '#include <cassert>'
   31 | #define FLATBUFFERS_ASSERT assert
      |                            ^~~~~~
extern/tensorflow/helia_rt_v1_6_0/third_party/flatbuffers/include/flatbuffers/flexbuffers.h:1436:16: note: in expansion of macro 'FLATBUFFERS_ASSERT'
 1436 |       default: FLATBUFFERS_ASSERT(false); return BIT_WIDTH_64;
      |                ^~~~~~~~~~~~~~~~~~
extern/tensorflow/helia_rt_v1_6_0/third_party/flatbuffers/include/flatbuffers/flexbuffers.h: In member function 'flexbuffers::BitWidth flexbuffers::Builder::Value::ElemWidth(size_t, size_t) const':
extern/tensorflow/helia_rt_v1_6_0/third_party/flatbuffers/include/flatbuffers/base.h:31:28: error: 'assert' was not declared in this scope
   31 | #define FLATBUFFERS_ASSERT assert
      |                            ^~~~~~
extern/tensorflow/helia_rt_v1_6_0/third_party/flatbuffers/include/flatbuffers/flexbuffers.h:1508:9: note: in expansion of macro 'FLATBUFFERS_ASSERT'
 1508 |         FLATBUFFERS_ASSERT(false);  // Must match one of the sizes above.
      |         ^~~~~~~~~~~~~~~~~~
extern/tensorflow/helia_rt_v1_6_0/third_party/flatbuffers/include/flatbuffers/base.h:31:28: note: 'assert' is defined in header '<cassert>'; this is probably fixable by adding '#include <cassert>'
   31 | #define FLATBUFFERS_ASSERT assert
      |                            ^~~~~~
extern/tensorflow/helia_rt_v1_6_0/third_party/flatbuffers/include/flatbuffers/flexbuffers.h:1508:9: note: in expansion of macro 'FLATBUFFERS_ASSERT'
 1508 |         FLATBUFFERS_ASSERT(false);  // Must match one of the sizes above.
      |         ^~~~~~~~~~~~~~~~~~
extern/tensorflow/helia_rt_v1_6_0/third_party/flatbuffers/include/flatbuffers/flexbuffers.h: In member function 'size_t flexbuffers::Builder::ScalarVector(const T*, size_t, bool)':
extern/tensorflow/helia_rt_v1_6_0/third_party/flatbuffers/include/flatbuffers/base.h:31:28: error: there are no arguments to 'assert' that depend on a template parameter, so a declaration of 'assert' must be available [-fpermissive]
   31 | #define FLATBUFFERS_ASSERT assert
      |                            ^~~~~~
extern/tensorflow/helia_rt_v1_6_0/third_party/flatbuffers/include/flatbuffers/flexbuffers.h:1554:5: note: in expansion of macro 'FLATBUFFERS_ASSERT'
 1554 |     FLATBUFFERS_ASSERT(WidthU(len) <= bit_width);
      |     ^~~~~~~~~~~~~~~~~~
extern/tensorflow/helia_rt_v1_6_0/third_party/flatbuffers/include/flatbuffers/flexbuffers.h: In member function 'flexbuffers::Builder::Value flexbuffers::Builder::CreateVector(size_t, size_t, size_t, bool, bool, const Value*)':
extern/tensorflow/helia_rt_v1_6_0/third_party/flatbuffers/include/flatbuffers/base.h:31:28: error: 'assert' was not declared in this scope
   31 | #define FLATBUFFERS_ASSERT assert
      |                            ^~~~~~
extern/tensorflow/helia_rt_v1_6_0/third_party/flatbuffers/include/flatbuffers/flexbuffers.h:1567:5: note: in expansion of macro 'FLATBUFFERS_ASSERT'
 1567 |     FLATBUFFERS_ASSERT(
      |     ^~~~~~~~~~~~~~~~~~
extern/tensorflow/helia_rt_v1_6_0/third_party/flatbuffers/include/flatbuffers/base.h:31:28: note: 'assert' is defined in header '<cassert>'; this is probably fixable by adding '#include <cassert>'
   31 | #define FLATBUFFERS_ASSERT assert
      |                            ^~~~~~
extern/tensorflow/helia_rt_v1_6_0/third_party/flatbuffers/include/flatbuffers/flexbuffers.h:1567:5: note: in expansion of macro 'FLATBUFFERS_ASSERT'
 1567 |     FLATBUFFERS_ASSERT(
      |     ^~~~~~~~~~~~~~~~~~
extern/tensorflow/helia_rt_v1_6_0/third_party/flatbuffers/include/flatbuffers/flexbuffers.h: In constructor 'flexbuffers::Verifier::Verifier(const uint8_t*, size_t, std::vector<unsigned char>*, bool, size_t)':
extern/tensorflow/helia_rt_v1_6_0/third_party/flatbuffers/include/flatbuffers/base.h:31:28: error: 'assert' was not declared in this scope
   31 | #define FLATBUFFERS_ASSERT assert
      |                            ^~~~~~
extern/tensorflow/helia_rt_v1_6_0/third_party/flatbuffers/include/flatbuffers/flexbuffers.h:1687:5: note: in expansion of macro 'FLATBUFFERS_ASSERT'
 1687 |     FLATBUFFERS_ASSERT(size_ < FLATBUFFERS_MAX_BUFFER_SIZE);
      |     ^~~~~~~~~~~~~~~~~~
extern/tensorflow/helia_rt_v1_6_0/third_party/flatbuffers/include/flatbuffers/base.h:31:28: note: 'assert' is defined in header '<cassert>'; this is probably fixable by adding '#include <cassert>'
   31 | #define FLATBUFFERS_ASSERT assert
      |                            ^~~~~~
extern/tensorflow/helia_rt_v1_6_0/third_party/flatbuffers/include/flatbuffers/flexbuffers.h:1687:5: note: in expansion of macro 'FLATBUFFERS_ASSERT'
 1687 |     FLATBUFFERS_ASSERT(size_ < FLATBUFFERS_MAX_BUFFER_SIZE);
      |     ^~~~~~~~~~~~~~~~~~
extern/tensorflow/helia_rt_v1_6_0/third_party/flatbuffers/include/flatbuffers/flexbuffers.h: In member function 'bool flexbuffers::Verifier::VerifyVector(flexbuffers::Reference, const uint8_t*, flexbuffers::Type)':
extern/tensorflow/helia_rt_v1_6_0/third_party/flatbuffers/include/flatbuffers/base.h:31:28: error: 'assert' was not declared in this scope
   31 | #define FLATBUFFERS_ASSERT assert
      |                            ^~~~~~
extern/tensorflow/helia_rt_v1_6_0/third_party/flatbuffers/include/flatbuffers/flexbuffers.h:1781:7: note: in expansion of macro 'FLATBUFFERS_ASSERT'
 1781 |       FLATBUFFERS_ASSERT(IsInline(elem_type));
      |       ^~~~~~~~~~~~~~~~~~
extern/tensorflow/helia_rt_v1_6_0/third_party/flatbuffers/include/flatbuffers/base.h:31:28: note: 'assert' is defined in header '<cassert>'; this is probably fixable by adding '#include <cassert>'
   31 | #define FLATBUFFERS_ASSERT assert
      |                            ^~~~~~
extern/tensorflow/helia_rt_v1_6_0/third_party/flatbuffers/include/flatbuffers/flexbuffers.h:1781:7: note: in expansion of macro 'FLATBUFFERS_ASSERT'
 1781 |       FLATBUFFERS_ASSERT(IsInline(elem_type));
      |       ^~~~~~~~~~~~~~~~~~
In file included from extern/tensorflow/helia_rt_v1_6_0/./tensorflow/lite/kernels/internal/common.h:33,
                 from extern/tensorflow/helia_rt_v1_6_0/./tensorflow/lite/micro/kernels/maximum_minimum.h:21,
                 from extern/tensorflow/helia_rt_v1_6_0/./tensorflow/lite/micro/micro_mutable_op_resolver.h:32,
                 from apps/basic_tf_stub/src/basic_model.h:19:
extern/tensorflow/helia_rt_v1_6_0/third_party/gemmlowp/fixedpoint/fixedpoint.h: In function 'IntegerType gemmlowp::RoundingDivideByPOT(IntegerType, int)':
extern/tensorflow/helia_rt_v1_6_0/third_party/gemmlowp/fixedpoint/fixedpoint.h:358:3: error: there are no arguments to 'assert' that depend on a template parameter, so a declaration of 'assert' must be available [-fpermissive]
  358 |   assert(exponent >= 0);
      |   ^~~~~~
extern/tensorflow/helia_rt_v1_6_0/third_party/gemmlowp/fixedpoint/fixedpoint.h:359:3: error: there are no arguments to 'assert' that depend on a template parameter, so a declaration of 'assert' must be available [-fpermissive]
  359 |   assert(exponent <= 31);
      |   ^~~~~~
extern/tensorflow/helia_rt_v1_6_0/./tensorflow/lite/kernels/internal/common.h: In function 'bool tflite::ReduceDimensionsForBroadcast(const RuntimeShape&, const RuntimeShape&, size_t*, size_t*, size_t*)':
extern/tensorflow/helia_rt_v1_6_0/./tensorflow/lite/kernels/internal/common.h:75:5: error: there are no arguments to 'assert' that depend on a template parameter, so a declaration of 'assert' must be available [-fpermissive]
   75 |     assert(!broadcast_input1 || !broadcast_input2);
      |     ^~~~~~
extern/tensorflow/helia_rt_v1_6_0/./tensorflow/lite/kernels/internal/common.h: In function 'int16_t tflite::LUTLookup(int16_t, const int16_t*)':
extern/tensorflow/helia_rt_v1_6_0/./tensorflow/lite/kernels/internal/common.h:604:3: error: 'assert' was not declared in this scope
  604 |   assert(index < 512 && "LUT index out of range.");
      |   ^~~~~~
extern/tensorflow/helia_rt_v1_6_0/./tensorflow/lite/kernels/internal/common.h:37:1: note: 'assert' is defined in header '<cassert>'; this is probably fixable by adding '#include <cassert>'
   36 | #include "tensorflow/lite/kernels/internal/optimized/neon_check.h"
  +++ |+#include <cassert>
   37 | #include "tensorflow/lite/kernels/internal/types.h"
extern/tensorflow/helia_rt_v1_6_0/./tensorflow/lite/kernels/internal/common.h: In function 'int tflite::LegacyHowManyThreads(int, int, int, int)':
extern/tensorflow/helia_rt_v1_6_0/./tensorflow/lite/kernels/internal/common.h:1277:3: error: there are no arguments to 'assert' that depend on a template parameter, so a declaration of 'assert' must be available [-fpermissive]
 1277 |   assert(thread_count > 0 && thread_count <= max_num_threads);
      |   ^~~~~~
extern/tensorflow/helia_rt_v1_6_0/third_party/flatbuffers/include/flatbuffers/vector.h: In instantiation of 'flatbuffers::Vector<T, SizeT>::return_type flatbuffers::Vector<T, SizeT>::Get(SizeT) const [with T = flatbuffers::Offset<flatbuffers::String>; SizeT = long unsigned int; return_type = const flatbuffers::String*]':
extern/tensorflow/helia_rt_v1_6_0/third_party/flatbuffers/include/flatbuffers/verifier.h:163:35:   required from here
  163 |         if (!VerifyString(vec->Get(i))) return false;
      |                           ~~~~~~~~^~~
extern/tensorflow/helia_rt_v1_6_0/third_party/flatbuffers/include/flatbuffers/vector.h:176:23: error: 'assert' was not declared in this scope
  176 |     FLATBUFFERS_ASSERT(i < size());
extern/tensorflow/helia_rt_v1_6_0/third_party/flatbuffers/include/flatbuffers/vector.h:22:1: note: 'assert' is defined in header '<cassert>'; this is probably fixable by adding '#include <cassert>'
   21 | #include "flatbuffers/buffer.h"
  +++ |+#include <cassert>
   22 | #include "flatbuffers/stl_emulation.h"
In file included from extern/tensorflow/helia_rt_v1_6_0/third_party/flatbuffers/include/flatbuffers/flatbuffers.h:29:
extern/tensorflow/helia_rt_v1_6_0/third_party/flatbuffers/include/flatbuffers/flatbuffer_builder.h: In instantiation of 'void flatbuffers::FlatBufferBuilderImpl<Is64Aware>::CanAddOffset64() [with bool Is64Aware = true]':
extern/tensorflow/helia_rt_v1_6_0/third_party/flatbuffers/include/flatbuffers/flatbuffer_builder.h:1423:17:   required from here
 1423 |   CanAddOffset64();
      |   ~~~~~~~~~~~~~~^~
extern/tensorflow/helia_rt_v1_6_0/third_party/flatbuffers/include/flatbuffers/flatbuffer_builder.h:1353:23: error: 'assert' was not declared in this scope
 1353 |     FLATBUFFERS_ASSERT(GetSize() == length_of_64_bit_region_);
extern/tensorflow/helia_rt_v1_6_0/third_party/flatbuffers/include/flatbuffers/flatbuffer_builder.h:39:1: note: 'assert' is defined in header '<cassert>'; this is probably fixable by adding '#include <cassert>'
   38 | #include "flatbuffers/vector_downward.h"
  +++ |+#include <cassert>
   39 | #include "flatbuffers/verifier.h"
extern/tensorflow/helia_rt_v1_6_0/third_party/flatbuffers/include/flatbuffers/util.h: In instantiation of 'bool flatbuffers::StringToIntegerImpl(T*, const char*, int, bool) [with T = long long int]':
extern/tensorflow/helia_rt_v1_6_0/third_party/flatbuffers/include/flatbuffers/util.h:361:29:   required from here
  361 |   return StringToIntegerImpl(val, str);
      |          ~~~~~~~~~~~~~~~~~~~^~~~~~~~~~
extern/tensorflow/helia_rt_v1_6_0/third_party/flatbuffers/include/flatbuffers/util.h:293:21: error: 'assert' was not declared in this scope
  293 |   FLATBUFFERS_ASSERT(str);
extern/tensorflow/helia_rt_v1_6_0/third_party/flatbuffers/include/flatbuffers/util.h:293:21: note: 'assert' is defined in header '<cassert>'; this is probably fixable by adding '#include <cassert>'
extern/tensorflow/helia_rt_v1_6_0/third_party/flatbuffers/include/flatbuffers/util.h: In instantiation of 'bool flatbuffers::StringToIntegerImpl(T*, const char*, int, bool) [with T = long long unsigned int]':
extern/tensorflow/helia_rt_v1_6_0/third_party/flatbuffers/include/flatbuffers/util.h:366:27:   required from here
  366 |   if (!StringToIntegerImpl(val, str)) return false;
      |        ~~~~~~~~~~~~~~~~~~~^~~~~~~~~~
extern/tensorflow/helia_rt_v1_6_0/third_party/flatbuffers/include/flatbuffers/util.h:293:21: error: 'assert' was not declared in this scope
  293 |   FLATBUFFERS_ASSERT(str);
extern/tensorflow/helia_rt_v1_6_0/third_party/flatbuffers/include/flatbuffers/util.h:293:21: note: 'assert' is defined in header '<cassert>'; this is probably fixable by adding '#include <cassert>'
extern/tensorflow/helia_rt_v1_6_0/third_party/flatbuffers/include/flatbuffers/util.h: In instantiation of 'bool flatbuffers::StringToFloatImpl(T*, const char*) [with T = float]':
extern/tensorflow/helia_rt_v1_6_0/third_party/flatbuffers/include/flatbuffers/util.h:387:27:   required from here
  387 |   return StringToFloatImpl(val, s);
      |          ~~~~~~~~~~~~~~~~~^~~~~~~~
extern/tensorflow/helia_rt_v1_6_0/third_party/flatbuffers/include/flatbuffers/util.h:318:21: error: 'assert' was not declared in this scope
  318 |   FLATBUFFERS_ASSERT(str && val);
extern/tensorflow/helia_rt_v1_6_0/third_party/flatbuffers/include/flatbuffers/util.h:318:21: note: 'assert' is defined in header '<cassert>'; this is probably fixable by adding '#include <cassert>'
extern/tensorflow/helia_rt_v1_6_0/third_party/flatbuffers/include/flatbuffers/util.h: In instantiation of 'bool flatbuffers::StringToFloatImpl(T*, const char*) [with T = double]':
extern/tensorflow/helia_rt_v1_6_0/third_party/flatbuffers/include/flatbuffers/util.h:391:27:   required from here
  391 |   return StringToFloatImpl(val, s);
      |          ~~~~~~~~~~~~~~~~~^~~~~~~~
extern/tensorflow/helia_rt_v1_6_0/third_party/flatbuffers/include/flatbuffers/util.h:318:21: error: 'assert' was not declared in this scope
  318 |   FLATBUFFERS_ASSERT(str && val);
extern/tensorflow/helia_rt_v1_6_0/third_party/flatbuffers/include/flatbuffers/util.h:318:21: note: 'assert' is defined in header '<cassert>'; this is probably fixable by adding '#include <cassert>'
extern/tensorflow/helia_rt_v1_6_0/third_party/flatbuffers/include/flatbuffers/flexbuffers.h: In instantiation of 'bool flexbuffers::Reference::MutateF(const uint8_t*, T, size_t, flexbuffers::BitWidth) [with T = float; uint8_t = unsigned char; size_t = unsigned int]':
extern/tensorflow/helia_rt_v1_6_0/third_party/flatbuffers/include/flatbuffers/flexbuffers.h:732:21:   required from here
  732 |       return MutateF(data_, f, parent_width_, BIT_WIDTH_32);
      |              ~~~~~~~^~~~~~~~~~~~~~~~~~~~~~~~~~~~~~~~~~~~~~~
extern/tensorflow/helia_rt_v1_6_0/third_party/flatbuffers/include/flatbuffers/flexbuffers.h:788:23: error: 'assert' was not declared in this scope
  788 |     FLATBUFFERS_ASSERT(false);
extern/tensorflow/helia_rt_v1_6_0/third_party/flatbuffers/include/flatbuffers/flexbuffers.h:788:23: note: 'assert' is defined in header '<cassert>'; this is probably fixable by adding '#include <cassert>'
extern/tensorflow/helia_rt_v1_6_0/third_party/flatbuffers/include/flatbuffers/flexbuffers.h: In instantiation of 'bool flexbuffers::Reference::MutateF(const uint8_t*, T, size_t, flexbuffers::BitWidth) [with T = double; uint8_t = unsigned char; size_t = unsigned int]':
extern/tensorflow/helia_rt_v1_6_0/third_party/flatbuffers/include/flatbuffers/flexbuffers.h:742:21:   required from here
  742 |       return MutateF(data_, d, parent_width_, WidthF(d));
      |              ~~~~~~~^~~~~~~~~~~~~~~~~~~~~~~~~~~~~~~~~~~~
extern/tensorflow/helia_rt_v1_6_0/third_party/flatbuffers/include/flatbuffers/flexbuffers.h:788:23: error: 'assert' was not declared in this scope
  788 |     FLATBUFFERS_ASSERT(false);
extern/tensorflow/helia_rt_v1_6_0/third_party/flatbuffers/include/flatbuffers/flexbuffers.h:788:23: note: 'assert' is defined in header '<cassert>'; this is probably fixable by adding '#include <cassert>'
extern/tensorflow/helia_rt_v1_6_0/third_party/flatbuffers/include/flatbuffers/flexbuffers.h: In instantiation of 'void flexbuffers::Builder::Write(T, size_t) [with T = unsigned char; size_t = unsigned int]':
extern/tensorflow/helia_rt_v1_6_0/third_party/flatbuffers/include/flatbuffers/flexbuffers.h:1373:10:   required from here
 1373 |     Write(stack_[0].StoredPackedType(), 1);
      |     ~~~~~^~~~~~~~~~~~~~~~~~~~~~~~~~~~~~~~~
extern/tensorflow/helia_rt_v1_6_0/third_party/flatbuffers/include/flatbuffers/flexbuffers.h:1402:23: error: 'assert' was not declared in this scope
 1402 |     FLATBUFFERS_ASSERT(sizeof(T) >= byte_width);
extern/tensorflow/helia_rt_v1_6_0/third_party/flatbuffers/include/flatbuffers/flexbuffers.h:1402:23: note: 'assert' is defined in header '<cassert>'; this is probably fixable by adding '#include <cassert>'
extern/tensorflow/helia_rt_v1_6_0/third_party/flatbuffers/include/flatbuffers/flexbuffers.h: In instantiation of 'void flexbuffers::Builder::Write(T, size_t) [with T = double; size_t = unsigned int]':
extern/tensorflow/helia_rt_v1_6_0/third_party/flatbuffers/include/flatbuffers/flexbuffers.h:1409:20:   required from here
 1409 |       case 8: Write(f, byte_width); break;
      |               ~~~~~^~~~~~~~~~~~~~~
extern/tensorflow/helia_rt_v1_6_0/third_party/flatbuffers/include/flatbuffers/flexbuffers.h:1402:23: error: 'assert' was not declared in this scope
 1402 |     FLATBUFFERS_ASSERT(sizeof(T) >= byte_width);
extern/tensorflow/helia_rt_v1_6_0/third_party/flatbuffers/include/flatbuffers/flexbuffers.h:1402:23: note: 'assert' is defined in header '<cassert>'; this is probably fixable by adding '#include <cassert>'
extern/tensorflow/helia_rt_v1_6_0/third_party/flatbuffers/include/flatbuffers/flexbuffers.h: In instantiation of 'void flexbuffers::Builder::Write(T, size_t) [with T = float; size_t = unsigned int]':
extern/tensorflow/helia_rt_v1_6_0/third_party/flatbuffers/include/flatbuffers/flexbuffers.h:1410:20:   required from here
 1410 |       case 4: Write(static_cast<float>(f), byte_width); break;
      |               ~~~~~^~~~~~~~~~~~~~~~~~~~~~~~~~~~~~~~~~~
extern/tensorflow/helia_rt_v1_6_0/third_party/flatbuffers/include/flatbuffers/flexbuffers.h:1402:23: error: 'assert' was not declared in this scope
 1402 |     FLATBUFFERS_ASSERT(sizeof(T) >= byte_width);
extern/tensorflow/helia_rt_v1_6_0/third_party/flatbuffers/include/flatbuffers/flexbuffers.h:1402:23: note: 'assert' is defined in header '<cassert>'; this is probably fixable by adding '#include <cassert>'
extern/tensorflow/helia_rt_v1_6_0/third_party/flatbuffers/include/flatbuffers/flexbuffers.h: In instantiation of 'void flexbuffers::Builder::Write(T, size_t) [with T = long long unsigned int; size_t = unsigned int]':
extern/tensorflow/helia_rt_v1_6_0/third_party/flatbuffers/include/flatbuffers/flexbuffers.h:1420:10:   required from here
 1420 |     Write(reloff, byte_width);
      |     ~~~~~^~~~~~~~~~~~~~~~~~~~
extern/tensorflow/helia_rt_v1_6_0/third_party/flatbuffers/include/flatbuffers/flexbuffers.h:1402:23: error: 'assert' was not declared in this scope
 1402 |     FLATBUFFERS_ASSERT(sizeof(T) >= byte_width);
extern/tensorflow/helia_rt_v1_6_0/third_party/flatbuffers/include/flatbuffers/flexbuffers.h:1402:23: note: 'assert' is defined in header '<cassert>'; this is probably fixable by adding '#include <cassert>'
extern/tensorflow/helia_rt_v1_6_0/third_party/flatbuffers/include/flatbuffers/flexbuffers.h: In instantiation of 'void flexbuffers::Builder::Write(T, size_t) [with T = long long int; size_t = unsigned int]':
extern/tensorflow/helia_rt_v1_6_0/third_party/flatbuffers/include/flatbuffers/flexbuffers.h:1526:26:   required from here
 1526 |       case FBT_INT: Write(val.i_, byte_width); break;
      |                     ~~~~~^~~~~~~~~~~~~~~~~~~~
extern/tensorflow/helia_rt_v1_6_0/third_party/flatbuffers/include/flatbuffers/flexbuffers.h:1402:23: error: 'assert' was not declared in this scope
 1402 |     FLATBUFFERS_ASSERT(sizeof(T) >= byte_width);
extern/tensorflow/helia_rt_v1_6_0/third_party/flatbuffers/include/flatbuffers/flexbuffers.h:1402:23: note: 'assert' is defined in header '<cassert>'; this is probably fixable by adding '#include <cassert>'
extern/tensorflow/helia_rt_v1_6_0/third_party/flatbuffers/include/flatbuffers/flatbuffer_builder.h: In instantiation of 'flatbuffers::uoffset_t flatbuffers::FlatBufferBuilderImpl<Is64Aware>::EndTable(flatbuffers::uoffset_t) [with bool Is64Aware = false; flatbuffers::uoffset_t = long unsigned int]':
extern/tensorflow/helia_rt_v1_6_0/./tensorflow/lite/schema/schema_generated.h:5141:35:   required from here
 5141 |     const auto end = fbb_.EndTable(start_);
      |                      ~~~~~~~~~~~~~^~~~~~~~
extern/tensorflow/helia_rt_v1_6_0/third_party/flatbuffers/include/flatbuffers/flatbuffer_builder.h:424:23: error: 'assert' was not declared in this scope
  424 |     FLATBUFFERS_ASSERT(nested);
extern/tensorflow/helia_rt_v1_6_0/third_party/flatbuffers/include/flatbuffers/flatbuffer_builder.h:424:23: note: 'assert' is defined in header '<cassert>'; this is probably fixable by adding '#include <cassert>'
extern/tensorflow/helia_rt_v1_6_0/third_party/flatbuffers/include/flatbuffers/flatbuffer_builder.h:441:23: error: 'assert' was not declared in this scope, and no declarations were found by argument-dependent lookup at the point of instantiation
  441 |     FLATBUFFERS_ASSERT(table_object_size < 0x10000);
extern/tensorflow/helia_rt_v1_6_0/third_party/flatbuffers/include/flatbuffers/flatbuffer_builder.h:424:23: note: 'assert' declared here, later in the translation unit
  424 |     FLATBUFFERS_ASSERT(nested);
extern/tensorflow/helia_rt_v1_6_0/third_party/flatbuffers/include/flatbuffers/flatbuffer_builder.h:452:25: error: 'assert' was not declared in this scope, and no declarations were found by argument-dependent lookup at the point of instantiation
  452 |       FLATBUFFERS_ASSERT(
extern/tensorflow/helia_rt_v1_6_0/third_party/flatbuffers/include/flatbuffers/flatbuffer_builder.h:424:23: note: 'assert' declared here, later in the translation unit
  424 |     FLATBUFFERS_ASSERT(nested);
extern/tensorflow/helia_rt_v1_6_0/third_party/flatbuffers/include/flatbuffers/flatbuffer_builder.h: In instantiation of 'void flatbuffers::FlatBufferBuilderImpl<Is64Aware>::ForceVectorAlignment(size_t, size_t, size_t) [with bool Is64Aware = false; size_t = unsigned int]':
extern/tensorflow/helia_rt_v1_6_0/./tensorflow/lite/schema/schema_generated.h:5158:42:   required from here
 5158 |   if (custom) { _fbb.ForceVectorAlignment(custom->size(), sizeof(uint8_t), 16); }
      |                 ~~~~~~~~~~~~~~~~~~~~~~~~~^~~~~~~~~~~~~~~~~~~~~~~~~~~~~~~~~~~~~
extern/tensorflow/helia_rt_v1_6_0/third_party/flatbuffers/include/flatbuffers/flatbuffer_builder.h:703:23: error: 'assert' was not declared in this scope
  703 |     FLATBUFFERS_ASSERT(VerifyAlignmentRequirements(alignment));
extern/tensorflow/helia_rt_v1_6_0/third_party/flatbuffers/include/flatbuffers/flatbuffer_builder.h:703:23: note: 'assert' is defined in header '<cassert>'; this is probably fixable by adding '#include <cassert>'
extern/tensorflow/helia_rt_v1_6_0/third_party/flatbuffers/include/flatbuffers/vector.h: In instantiation of 'flatbuffers::Vector<T, SizeT>::return_type flatbuffers::Vector<T, SizeT>::Get(SizeT) const [with T = float; SizeT = long unsigned int; return_type = float]':
extern/tensorflow/helia_rt_v1_6_0/./tensorflow/lite/schema/schema_generated.h:17020:144:   required from here
17020 |   { auto _e = min(); if (_e) { _o->min.resize(_e->size()); for (::flatbuffers::uoffset_t _i = 0; _i < _e->size(); _i++) { _o->min[_i] = _e->Get(_i); } } else { _o->min.resize(0); } }
      |                                                                                                                                         ~~~~~~~^~~~
extern/tensorflow/helia_rt_v1_6_0/third_party/flatbuffers/include/flatbuffers/vector.h:176:23: error: 'assert' was not declared in this scope
  176 |     FLATBUFFERS_ASSERT(i < size());
extern/tensorflow/helia_rt_v1_6_0/third_party/flatbuffers/include/flatbuffers/vector.h:176:23: note: 'assert' is defined in header '<cassert>'; this is probably fixable by adding '#include <cassert>'
extern/tensorflow/helia_rt_v1_6_0/third_party/flatbuffers/include/flatbuffers/vector.h: In instantiation of 'flatbuffers::Vector<T, SizeT>::return_type flatbuffers::Vector<T, SizeT>::Get(SizeT) const [with T = long long int; SizeT = long unsigned int; return_type = long long int]':
extern/tensorflow/helia_rt_v1_6_0/./tensorflow/lite/schema/schema_generated.h:17023:165:   required from here
17023 |   { auto _e = zero_point(); if (_e) { _o->zero_point.resize(_e->size()); for (::flatbuffers::uoffset_t _i = 0; _i < _e->size(); _i++) { _o->zero_point[_i] = _e->Get(_i); } } else { _o->zero_point.resize(0); } }
      |                                                                                                                                                              ~~~~~~~^~~~
extern/tensorflow/helia_rt_v1_6_0/third_party/flatbuffers/include/flatbuffers/vector.h:176:23: error: 'assert' was not declared in this scope
  176 |     FLATBUFFERS_ASSERT(i < size());
extern/tensorflow/helia_rt_v1_6_0/third_party/flatbuffers/include/flatbuffers/vector.h:176:23: note: 'assert' is defined in header '<cassert>'; this is probably fixable by adding '#include <cassert>'
extern/tensorflow/helia_rt_v1_6_0/third_party/flatbuffers/include/flatbuffers/vector.h: In instantiation of 'flatbuffers::Vector<T, SizeT>::return_type flatbuffers::Vector<T, SizeT>::Get(SizeT) const [with T = long int; SizeT = long unsigned int; return_type = long int]':
extern/tensorflow/helia_rt_v1_6_0/./tensorflow/lite/schema/schema_generated.h:17064:153:   required from here
17064 |   { auto _e = values(); if (_e) { _o->values.resize(_e->size()); for (::flatbuffers::uoffset_t _i = 0; _i < _e->size(); _i++) { _o->values[_i] = _e->Get(_i); } } else { _o->values.resize(0); } }
      |                                                                                                                                                  ~~~~~~~^~~~
extern/tensorflow/helia_rt_v1_6_0/third_party/flatbuffers/include/flatbuffers/vector.h:176:23: error: 'assert' was not declared in this scope
  176 |     FLATBUFFERS_ASSERT(i < size());
extern/tensorflow/helia_rt_v1_6_0/third_party/flatbuffers/include/flatbuffers/vector.h:176:23: note: 'assert' is defined in header '<cassert>'; this is probably fixable by adding '#include <cassert>'
extern/tensorflow/helia_rt_v1_6_0/third_party/flatbuffers/include/flatbuffers/vector.h: In instantiation of 'flatbuffers::Vector<T, SizeT>::return_type flatbuffers::Vector<T, SizeT>::Get(SizeT) const [with T = short unsigned int; SizeT = long unsigned int; return_type = short unsigned int]':
extern/tensorflow/helia_rt_v1_6_0/./tensorflow/lite/schema/schema_generated.h:17090:153:   required from here
17090 |   { auto _e = values(); if (_e) { _o->values.resize(_e->size()); for (::flatbuffers::uoffset_t _i = 0; _i < _e->size(); _i++) { _o->values[_i] = _e->Get(_i); } } else { _o->values.resize(0); } }
      |                                                                                                                                                  ~~~~~~~^~~~
extern/tensorflow/helia_rt_v1_6_0/third_party/flatbuffers/include/flatbuffers/vector.h:176:23: error: 'assert' was not declared in this scope
  176 |     FLATBUFFERS_ASSERT(i < size());
extern/tensorflow/helia_rt_v1_6_0/third_party/flatbuffers/include/flatbuffers/vector.h:176:23: note: 'assert' is defined in header '<cassert>'; this is probably fixable by adding '#include <cassert>'
extern/tensorflow/helia_rt_v1_6_0/third_party/flatbuffers/include/flatbuffers/vector.h: In instantiation of 'flatbuffers::Vector<T, SizeT>::return_type flatbuffers::Vector<T, SizeT>::Get(SizeT) const [with T = flatbuffers::Offset<tflite::DimensionMetadata>; SizeT = long unsigned int; return_type = const tflite::DimensionMetadata*]':
extern/tensorflow/helia_rt_v1_6_0/./tensorflow/lite/schema/schema_generated.h:17201:175:   required from here
17201 |   { auto _e = dim_metadata(); if (_e) { _o->dim_metadata.resize(_e->size()); for (::flatbuffers::uoffset_t _i = 0; _i < _e->size(); _i++) { if(_o->dim_metadata[_i]) { _e->Get(_i)->UnPackTo(_o->dim_metadata[_i].get(), _resolver); } else { _o->dim_metadata[_i] = std::unique_ptr<tflite::DimensionMetadataT>(_e->Get(_i)->UnPack(_resolver)); }; } } else { _o->dim_metadata.resize(0); } }
      |                                                                                                                                                                        ~~~~~~~^~~~
extern/tensorflow/helia_rt_v1_6_0/third_party/flatbuffers/include/flatbuffers/vector.h:176:23: error: 'assert' was not declared in this scope
  176 |     FLATBUFFERS_ASSERT(i < size());
extern/tensorflow/helia_rt_v1_6_0/third_party/flatbuffers/include/flatbuffers/vector.h:176:23: note: 'assert' is defined in header '<cassert>'; this is probably fixable by adding '#include <cassert>'
extern/tensorflow/helia_rt_v1_6_0/third_party/flatbuffers/include/flatbuffers/flatbuffer_builder.h: In instantiation of 'flatbuffers::Offset<flatbuffers::Vector<T> > flatbuffers::FlatBufferBuilderImpl<Is64Aware>::CreateVector(size_t, F, S*) [with T = flatbuffers::Offset<tflite::DimensionMetadata>; F = tflite::CreateSparsityParameters(flatbuffers::FlatBufferBuilder&, const SparsityParametersT*, const flatbuffers::rehasher_function_t*)::<lambda(size_t, tflite::CreateSparsityParameters(flatbuffers::FlatBufferBuilder&, const SparsityParametersT*, const flatbuffers::rehasher_function_t*)::_VectorArgs*)>; S = tflite::CreateSparsityParameters(flatbuffers::FlatBufferBuilder&, const SparsityParametersT*, const flatbuffers::rehasher_function_t*)::_VectorArgs; bool Is64Aware = false; size_t = unsigned int]':
extern/tensorflow/helia_rt_v1_6_0/./tensorflow/lite/schema/schema_generated.h:17214:118:   required from here
17214 |   auto _dim_metadata = _o->dim_metadata.size() ? _fbb.CreateVector<::flatbuffers::Offset<tflite::DimensionMetadata>> (_o->dim_metadata.size(), [](size_t i, _VectorArgs *__va) { return CreateDimensionMetadata(*__va->__fbb, __va->__o->dim_metadata[i].get(), __va->__rehasher); }, &_va ) : 0;
      |                                                  ~~~~~~~~~~~~~~~~~~~~~~~~~~~~~~~~~~~~~~~~~~~~~~~~~~~~~~~~~~~~~~~~~~~~^~~~~~~~~~~~~~~~~~~~~~~~~~~~~~~~~~~~~~~~~~~~~~~~~~~~~~~~~~~~~~~~~~~~~~~~~~~~~~~~~~~~~~~~~~~~~~~~~~~~~~~~~~~~~~~~~~~~~~~~~~~~~~~~~~~~~~~~~~~~~~~~~~~~~~~~~~~~~~~~~~~~~~~
extern/tensorflow/helia_rt_v1_6_0/third_party/flatbuffers/include/flatbuffers/flatbuffer_builder.h:838:23: error: 'assert' was not declared in this scope
  838 |     FLATBUFFERS_ASSERT(FLATBUFFERS_GENERAL_HEAP_ALLOC_OK);
extern/tensorflow/helia_rt_v1_6_0/third_party/flatbuffers/include/flatbuffers/flatbuffer_builder.h:838:23: note: 'assert' is defined in header '<cassert>'; this is probably fixable by adding '#include <cassert>'
extern/tensorflow/helia_rt_v1_6_0/third_party/flatbuffers/include/flatbuffers/vector.h: In instantiation of 'flatbuffers::Vector<T, SizeT>::return_type flatbuffers::Vector<T, SizeT>::Get(SizeT) const [with T = flatbuffers::Offset<tflite::VariantSubType>; SizeT = long unsigned int; return_type = const tflite::VariantSubType*]':
extern/tensorflow/helia_rt_v1_6_0/./tensorflow/lite/schema/schema_generated.h:17300:184:   required from here
17300 |   { auto _e = variant_tensors(); if (_e) { _o->variant_tensors.resize(_e->size()); for (::flatbuffers::uoffset_t _i = 0; _i < _e->size(); _i++) { if(_o->variant_tensors[_i]) { _e->Get(_i)->UnPackTo(_o->variant_tensors[_i].get(), _resolver); } else { _o->variant_tensors[_i] = std::unique_ptr<tflite::VariantSubTypeT>(_e->Get(_i)->UnPack(_resolver)); }; } } else { _o->variant_tensors.resize(0); } }
      |                                                                                                                                                                                 ~~~~~~~^~~~
extern/tensorflow/helia_rt_v1_6_0/third_party/flatbuffers/include/flatbuffers/vector.h:176:23: error: 'assert' was not declared in this scope
  176 |     FLATBUFFERS_ASSERT(i < size());
extern/tensorflow/helia_rt_v1_6_0/third_party/flatbuffers/include/flatbuffers/vector.h:176:23: note: 'assert' is defined in header '<cassert>'; this is probably fixable by adding '#include <cassert>'
extern/tensorflow/helia_rt_v1_6_0/third_party/flatbuffers/include/flatbuffers/flatbuffer_builder.h: In instantiation of 'flatbuffers::Offset<flatbuffers::Vector<T> > flatbuffers::FlatBufferBuilderImpl<Is64Aware>::CreateVector(size_t, F, S*) [with T = flatbuffers::Offset<tflite::VariantSubType>; F = tflite::CreateTensor(flatbuffers::FlatBufferBuilder&, const TensorT*, const flatbuffers::rehasher_function_t*)::<lambda(size_t, tflite::CreateTensor(flatbuffers::FlatBufferBuilder&, const TensorT*, const flatbuffers::rehasher_function_t*)::_VectorArgs*)>; S = tflite::CreateTensor(flatbuffers::FlatBufferBuilder&, const TensorT*, const flatbuffers::rehasher_function_t*)::_VectorArgs; bool Is64Aware = false; size_t = unsigned int]':
extern/tensorflow/helia_rt_v1_6_0/./tensorflow/lite/schema/schema_generated.h:17320:121:   required from here
17320 |   auto _variant_tensors = _o->variant_tensors.size() ? _fbb.CreateVector<::flatbuffers::Offset<tflite::VariantSubType>> (_o->variant_tensors.size(), [](size_t i, _VectorArgs *__va) { return CreateVariantSubType(*__va->__fbb, __va->__o->variant_tensors[i].get(), __va->__rehasher); }, &_va ) : 0;
      |                                                        ~~~~~~~~~~~~~~~~~~~~~~~~~~~~~~~~~~~~~~~~~~~~~~~~~~~~~~~~~~~~~~~~~^~~~~~~~~~~~~~~~~~~~~~~~~~~~~~~~~~~~~~~~~~~~~~~~~~~~~~~~~~~~~~~~~~~~~~~~~~~~~~~~~~~~~~~~~~~~~~~~~~~~~~~~~~~~~~~~~~~~~~~~~~~~~~~~~~~~~~~~~~~~~~~~~~~~~~~~~~~~~~~~~~~~~~~~~~
extern/tensorflow/helia_rt_v1_6_0/third_party/flatbuffers/include/flatbuffers/flatbuffer_builder.h:838:23: error: 'assert' was not declared in this scope
  838 |     FLATBUFFERS_ASSERT(FLATBUFFERS_GENERAL_HEAP_ALLOC_OK);
extern/tensorflow/helia_rt_v1_6_0/third_party/flatbuffers/include/flatbuffers/flatbuffer_builder.h:838:23: note: 'assert' is defined in header '<cassert>'; this is probably fixable by adding '#include <cassert>'
extern/tensorflow/helia_rt_v1_6_0/third_party/flatbuffers/include/flatbuffers/vector.h: In instantiation of 'flatbuffers::Vector<T, SizeT>::return_type flatbuffers::Vector<T, SizeT>::Get(SizeT) const [with T = long unsigned int; SizeT = long unsigned int; return_type = long unsigned int]':
extern/tensorflow/helia_rt_v1_6_0/./tensorflow/lite/schema/schema_generated.h:17415:229:   required from here
17415 |   { auto _e = precision_config(); if (_e) { _o->precision_config.resize(_e->size()); for (::flatbuffers::uoffset_t _i = 0; _i < _e->size(); _i++) { _o->precision_config[_i] = static_cast<tflite::StablehloPrecisionConfig>(_e->Get(_i)); } } else { _o->precision_config.resize(0); } }
      |                                                                                                                                                                                                                              ~~~~~~~^~~~
extern/tensorflow/helia_rt_v1_6_0/third_party/flatbuffers/include/flatbuffers/vector.h:176:23: error: 'assert' was not declared in this scope
  176 |     FLATBUFFERS_ASSERT(i < size());
extern/tensorflow/helia_rt_v1_6_0/third_party/flatbuffers/include/flatbuffers/vector.h:176:23: note: 'assert' is defined in header '<cassert>'; this is probably fixable by adding '#include <cassert>'
extern/tensorflow/helia_rt_v1_6_0/third_party/flatbuffers/include/flatbuffers/vector.h: In instantiation of 'flatbuffers::Vector<T, SizeT>::return_type flatbuffers::Vector<T, SizeT>::Get(SizeT) const [with T = unsigned char; SizeT = long unsigned int; return_type = unsigned char]':
extern/tensorflow/helia_rt_v1_6_0/./tensorflow/lite/schema/schema_generated.h:17822:180:   required from here
17822 |   { auto _e = window_reversal(); if (_e) { _o->window_reversal.resize(_e->size()); for (::flatbuffers::uoffset_t _i = 0; _i < _e->size(); _i++) { _o->window_reversal[_i] = _e->Get(_i) != 0; } } else { _o->window_reversal.resize(0); } }
      |                                                                                                                                                                             ~~~~~~~^~~~
extern/tensorflow/helia_rt_v1_6_0/third_party/flatbuffers/include/flatbuffers/vector.h:176:23: error: 'assert' was not declared in this scope
  176 |     FLATBUFFERS_ASSERT(i < size());
extern/tensorflow/helia_rt_v1_6_0/third_party/flatbuffers/include/flatbuffers/vector.h:176:23: note: 'assert' is defined in header '<cassert>'; this is probably fixable by adding '#include <cassert>'
extern/tensorflow/helia_rt_v1_6_0/third_party/flatbuffers/include/flatbuffers/vector.h: In instantiation of 'flatbuffers::Vector<T, SizeT>::return_type flatbuffers::Vector<T, SizeT>::Get(SizeT) const [with T = flatbuffers::Offset<tflite::Tensor>; SizeT = long unsigned int; return_type = const tflite::Tensor*]':
extern/tensorflow/helia_rt_v1_6_0/./tensorflow/lite/schema/schema_generated.h:21561:160:   required from here
21561 |   { auto _e = tensors(); if (_e) { _o->tensors.resize(_e->size()); for (::flatbuffers::uoffset_t _i = 0; _i < _e->size(); _i++) { if(_o->tensors[_i]) { _e->Get(_i)->UnPackTo(_o->tensors[_i].get(), _resolver); } else { _o->tensors[_i] = std::unique_ptr<tflite::TensorT>(_e->Get(_i)->UnPack(_resolver)); }; } } else { _o->tensors.resize(0); } }
      |                                                                                                                                                         ~~~~~~~^~~~
extern/tensorflow/helia_rt_v1_6_0/third_party/flatbuffers/include/flatbuffers/vector.h:176:23: error: 'assert' was not declared in this scope
  176 |     FLATBUFFERS_ASSERT(i < size());
extern/tensorflow/helia_rt_v1_6_0/third_party/flatbuffers/include/flatbuffers/vector.h:176:23: note: 'assert' is defined in header '<cassert>'; this is probably fixable by adding '#include <cassert>'
extern/tensorflow/helia_rt_v1_6_0/third_party/flatbuffers/include/flatbuffers/vector.h: In instantiation of 'flatbuffers::Vector<T, SizeT>::return_type flatbuffers::Vector<T, SizeT>::Get(SizeT) const [with T = flatbuffers::Offset<tflite::Operator>; SizeT = long unsigned int; return_type = const tflite::Operator*]':
extern/tensorflow/helia_rt_v1_6_0/./tensorflow/lite/schema/schema_generated.h:21564:166:   required from here
21564 |   { auto _e = operators(); if (_e) { _o->operators.resize(_e->size()); for (::flatbuffers::uoffset_t _i = 0; _i < _e->size(); _i++) { if(_o->operators[_i]) { _e->Get(_i)->UnPackTo(_o->operators[_i].get(), _resolver); } else { _o->operators[_i] = std::unique_ptr<tflite::OperatorT>(_e->Get(_i)->UnPack(_resolver)); }; } } else { _o->operators.resize(0); } }
      |                                                                                                                                                               ~~~~~~~^~~~
extern/tensorflow/helia_rt_v1_6_0/third_party/flatbuffers/include/flatbuffers/vector.h:176:23: error: 'assert' was not declared in this scope
  176 |     FLATBUFFERS_ASSERT(i < size());
extern/tensorflow/helia_rt_v1_6_0/third_party/flatbuffers/include/flatbuffers/vector.h:176:23: note: 'assert' is defined in header '<cassert>'; this is probably fixable by adding '#include <cassert>'
extern/tensorflow/helia_rt_v1_6_0/third_party/flatbuffers/include/flatbuffers/flatbuffer_builder.h: In instantiation of 'flatbuffers::Offset<flatbuffers::Vector<T> > flatbuffers::FlatBufferBuilderImpl<Is64Aware>::CreateVector(size_t, F, S*) [with T = flatbuffers::Offset<tflite::Tensor>; F = tflite::CreateSubGraph(flatbuffers::FlatBufferBuilder&, const SubGraphT*, const flatbuffers::rehasher_function_t*)::<lambda(size_t, tflite::CreateSubGraph(flatbuffers::FlatBufferBuilder&, const SubGraphT*, const flatbuffers::rehasher_function_t*)::_VectorArgs*)>; S = tflite::CreateSubGraph(flatbuffers::FlatBufferBuilder&, const SubGraphT*, const flatbuffers::rehasher_function_t*)::_VectorArgs; bool Is64Aware = false; size_t = unsigned int]':
extern/tensorflow/helia_rt_v1_6_0/./tensorflow/lite/schema/schema_generated.h:21577:97:   required from here
21577 |   auto _tensors = _o->tensors.size() ? _fbb.CreateVector<::flatbuffers::Offset<tflite::Tensor>> (_o->tensors.size(), [](size_t i, _VectorArgs *__va) { return CreateTensor(*__va->__fbb, __va->__o->tensors[i].get(), __va->__rehasher); }, &_va ) : 0;
      |                                        ~~~~~~~~~~~~~~~~~~~~~~~~~~~~~~~~~~~~~~~~~~~~~~~~~~~~~~~~~^~~~~~~~~~~~~~~~~~~~~~~~~~~~~~~~~~~~~~~~~~~~~~~~~~~~~~~~~~~~~~~~~~~~~~~~~~~~~~~~~~~~~~~~~~~~~~~~~~~~~~~~~~~~~~~~~~~~~~~~~~~~~~~~~~~~~~~~~~~~~~~~~~
extern/tensorflow/helia_rt_v1_6_0/third_party/flatbuffers/include/flatbuffers/flatbuffer_builder.h:838:23: error: 'assert' was not declared in this scope
  838 |     FLATBUFFERS_ASSERT(FLATBUFFERS_GENERAL_HEAP_ALLOC_OK);
extern/tensorflow/helia_rt_v1_6_0/third_party/flatbuffers/include/flatbuffers/flatbuffer_builder.h:838:23: note: 'assert' is defined in header '<cassert>'; this is probably fixable by adding '#include <cassert>'
extern/tensorflow/helia_rt_v1_6_0/third_party/flatbuffers/include/flatbuffers/flatbuffer_builder.h: In instantiation of 'flatbuffers::Offset<flatbuffers::Vector<T> > flatbuffers::FlatBufferBuilderImpl<Is64Aware>::CreateVector(size_t, F, S*) [with T = flatbuffers::Offset<tflite::Operator>; F = tflite::CreateSubGraph(flatbuffers::FlatBufferBuilder&, const SubGraphT*, const flatbuffers::rehasher_function_t*)::<lambda(size_t, tflite::CreateSubGraph(flatbuffers::FlatBufferBuilder&, const SubGraphT*, const flatbuffers::rehasher_function_t*)::_VectorArgs*)>; S = tflite::CreateSubGraph(flatbuffers::FlatBufferBuilder&, const SubGraphT*, const flatbuffers::rehasher_function_t*)::_VectorArgs; bool Is64Aware = false; size_t = unsigned int]':
extern/tensorflow/helia_rt_v1_6_0/./tensorflow/lite/schema/schema_generated.h:21580:103:   required from here
21580 |   auto _operators = _o->operators.size() ? _fbb.CreateVector<::flatbuffers::Offset<tflite::Operator>> (_o->operators.size(), [](size_t i, _VectorArgs *__va) { return CreateOperator(*__va->__fbb, __va->__o->operators[i].get(), __va->__rehasher); }, &_va ) : 0;
      |                                            ~~~~~~~~~~~~~~~~~~~~~~~~~~~~~~~~~~~~~~~~~~~~~~~~~~~~~~~~~~~^~~~~~~~~~~~~~~~~~~~~~~~~~~~~~~~~~~~~~~~~~~~~~~~~~~~~~~~~~~~~~~~~~~~~~~~~~~~~~~~~~~~~~~~~~~~~~~~~~~~~~~~~~~~~~~~~~~~~~~~~~~~~~~~~~~~~~~~~~~~~~~~~~~~~~~~
extern/tensorflow/helia_rt_v1_6_0/third_party/flatbuffers/include/flatbuffers/flatbuffer_builder.h:838:23: error: 'assert' was not declared in this scope
  838 |     FLATBUFFERS_ASSERT(FLATBUFFERS_GENERAL_HEAP_ALLOC_OK);
extern/tensorflow/helia_rt_v1_6_0/third_party/flatbuffers/include/flatbuffers/flatbuffer_builder.h:838:23: note: 'assert' is defined in header '<cassert>'; this is probably fixable by adding '#include <cassert>'
extern/tensorflow/helia_rt_v1_6_0/third_party/flatbuffers/include/flatbuffers/vector.h: In instantiation of 'flatbuffers::Vector<T, SizeT>::return_type flatbuffers::Vector<T, SizeT>::Get(SizeT) const [with T = flatbuffers::Offset<tflite::TensorMap>; SizeT = long unsigned int; return_type = const tflite::TensorMap*]':
extern/tensorflow/helia_rt_v1_6_0/./tensorflow/lite/schema/schema_generated.h:21710:157:   required from here
21710 |   { auto _e = inputs(); if (_e) { _o->inputs.resize(_e->size()); for (::flatbuffers::uoffset_t _i = 0; _i < _e->size(); _i++) { if(_o->inputs[_i]) { _e->Get(_i)->UnPackTo(_o->inputs[_i].get(), _resolver); } else { _o->inputs[_i] = std::unique_ptr<tflite::TensorMapT>(_e->Get(_i)->UnPack(_resolver)); }; } } else { _o->inputs.resize(0); } }
      |                                                                                                                                                      ~~~~~~~^~~~
extern/tensorflow/helia_rt_v1_6_0/third_party/flatbuffers/include/flatbuffers/vector.h:176:23: error: 'assert' was not declared in this scope
  176 |     FLATBUFFERS_ASSERT(i < size());
extern/tensorflow/helia_rt_v1_6_0/third_party/flatbuffers/include/flatbuffers/vector.h:176:23: note: 'assert' is defined in header '<cassert>'; this is probably fixable by adding '#include <cassert>'
extern/tensorflow/helia_rt_v1_6_0/third_party/flatbuffers/include/flatbuffers/flatbuffer_builder.h: In instantiation of 'flatbuffers::Offset<flatbuffers::Vector<T> > flatbuffers::FlatBufferBuilderImpl<Is64Aware>::CreateVector(size_t, F, S*) [with T = flatbuffers::Offset<tflite::TensorMap>; F = tflite::CreateSignatureDef(flatbuffers::FlatBufferBuilder&, const SignatureDefT*, const flatbuffers::rehasher_function_t*)::<lambda(size_t, tflite::CreateSignatureDef(flatbuffers::FlatBufferBuilder&, const SignatureDefT*, const flatbuffers::rehasher_function_t*)::_VectorArgs*)>; S = tflite::CreateSignatureDef(flatbuffers::FlatBufferBuilder&, const SignatureDefT*, const flatbuffers::rehasher_function_t*)::_VectorArgs; bool Is64Aware = false; size_t = unsigned int]':
extern/tensorflow/helia_rt_v1_6_0/./tensorflow/lite/schema/schema_generated.h:21724:98:   required from here
21724 |   auto _inputs = _o->inputs.size() ? _fbb.CreateVector<::flatbuffers::Offset<tflite::TensorMap>> (_o->inputs.size(), [](size_t i, _VectorArgs *__va) { return CreateTensorMap(*__va->__fbb, __va->__o->inputs[i].get(), __va->__rehasher); }, &_va ) : 0;
      |                                      ~~~~~~~~~~~~~~~~~~~~~~~~~~~~~~~~~~~~~~~~~~~~~~~~~~~~~~~~~~~~^~~~~~~~~~~~~~~~~~~~~~~~~~~~~~~~~~~~~~~~~~~~~~~~~~~~~~~~~~~~~~~~~~~~~~~~~~~~~~~~~~~~~~~~~~~~~~~~~~~~~~~~~~~~~~~~~~~~~~~~~~~~~~~~~~~~~~~~~~~~~~~~~~~
extern/tensorflow/helia_rt_v1_6_0/third_party/flatbuffers/include/flatbuffers/flatbuffer_builder.h:838:23: error: 'assert' was not declared in this scope
  838 |     FLATBUFFERS_ASSERT(FLATBUFFERS_GENERAL_HEAP_ALLOC_OK);
extern/tensorflow/helia_rt_v1_6_0/third_party/flatbuffers/include/flatbuffers/flatbuffer_builder.h:838:23: note: 'assert' is defined in header '<cassert>'; this is probably fixable by adding '#include <cassert>'
extern/tensorflow/helia_rt_v1_6_0/third_party/flatbuffers/include/flatbuffers/flatbuffer_builder.h: In instantiation of 'flatbuffers::Offset<flatbuffers::Vector<T> > flatbuffers::FlatBufferBuilderImpl<Is64Aware>::CreateVector(size_t, F, S*) [with T = flatbuffers::Offset<tflite::TensorMap>; F = tflite::CreateSignatureDef(flatbuffers::FlatBufferBuilder&, const SignatureDefT*, const flatbuffers::rehasher_function_t*)::<lambda(size_t, tflite::CreateSignatureDef(flatbuffers::FlatBufferBuilder&, const SignatureDefT*, const flatbuffers::rehasher_function_t*)::_VectorArgs*)>; S = tflite::CreateSignatureDef(flatbuffers::FlatBufferBuilder&, const SignatureDefT*, const flatbuffers::rehasher_function_t*)::_VectorArgs; bool Is64Aware = false; size_t = unsigned int]':
extern/tensorflow/helia_rt_v1_6_0/./tensorflow/lite/schema/schema_generated.h:21725:100:   required from here
21725 |   auto _outputs = _o->outputs.size() ? _fbb.CreateVector<::flatbuffers::Offset<tflite::TensorMap>> (_o->outputs.size(), [](size_t i, _VectorArgs *__va) { return CreateTensorMap(*__va->__fbb, __va->__o->outputs[i].get(), __va->__rehasher); }, &_va ) : 0;
      |                                        ~~~~~~~~~~~~~~~~~~~~~~~~~~~~~~~~~~~~~~~~~~~~~~~~~~~~~~~~~~~~^~~~~~~~~~~~~~~~~~~~~~~~~~~~~~~~~~~~~~~~~~~~~~~~~~~~~~~~~~~~~~~~~~~~~~~~~~~~~~~~~~~~~~~~~~~~~~~~~~~~~~~~~~~~~~~~~~~~~~~~~~~~~~~~~~~~~~~~~~~~~~~~~~~~~
extern/tensorflow/helia_rt_v1_6_0/third_party/flatbuffers/include/flatbuffers/flatbuffer_builder.h:838:23: error: 'assert' was not declared in this scope
  838 |     FLATBUFFERS_ASSERT(FLATBUFFERS_GENERAL_HEAP_ALLOC_OK);
extern/tensorflow/helia_rt_v1_6_0/third_party/flatbuffers/include/flatbuffers/flatbuffer_builder.h:838:23: note: 'assert' is defined in header '<cassert>'; this is probably fixable by adding '#include <cassert>'
extern/tensorflow/helia_rt_v1_6_0/third_party/flatbuffers/include/flatbuffers/vector.h: In instantiation of 'flatbuffers::Vector<T, SizeT>::return_type flatbuffers::Vector<T, SizeT>::Get(SizeT) const [with T = flatbuffers::Offset<tflite::OperatorCode>; SizeT = long unsigned int; return_type = const tflite::OperatorCode*]':
extern/tensorflow/helia_rt_v1_6_0/./tensorflow/lite/schema/schema_generated.h:21774:181:   required from here
21774 |   { auto _e = operator_codes(); if (_e) { _o->operator_codes.resize(_e->size()); for (::flatbuffers::uoffset_t _i = 0; _i < _e->size(); _i++) { if(_o->operator_codes[_i]) { _e->Get(_i)->UnPackTo(_o->operator_codes[_i].get(), _resolver); } else { _o->operator_codes[_i] = std::unique_ptr<tflite::OperatorCodeT>(_e->Get(_i)->UnPack(_resolver)); }; } } else { _o->operator_codes.resize(0); } }
      |                                                                                                                                                                              ~~~~~~~^~~~
extern/tensorflow/helia_rt_v1_6_0/third_party/flatbuffers/include/flatbuffers/vector.h:176:23: error: 'assert' was not declared in this scope
  176 |     FLATBUFFERS_ASSERT(i < size());
extern/tensorflow/helia_rt_v1_6_0/third_party/flatbuffers/include/flatbuffers/vector.h:176:23: note: 'assert' is defined in header '<cassert>'; this is probably fixable by adding '#include <cassert>'
extern/tensorflow/helia_rt_v1_6_0/third_party/flatbuffers/include/flatbuffers/vector.h: In instantiation of 'flatbuffers::Vector<T, SizeT>::return_type flatbuffers::Vector<T, SizeT>::Get(SizeT) const [with T = flatbuffers::Offset<tflite::SubGraph>; SizeT = long unsigned int; return_type = const tflite::SubGraph*]':
extern/tensorflow/helia_rt_v1_6_0/./tensorflow/lite/schema/schema_generated.h:21775:166:   required from here
21775 |   { auto _e = subgraphs(); if (_e) { _o->subgraphs.resize(_e->size()); for (::flatbuffers::uoffset_t _i = 0; _i < _e->size(); _i++) { if(_o->subgraphs[_i]) { _e->Get(_i)->UnPackTo(_o->subgraphs[_i].get(), _resolver); } else { _o->subgraphs[_i] = std::unique_ptr<tflite::SubGraphT>(_e->Get(_i)->UnPack(_resolver)); }; } } else { _o->subgraphs.resize(0); } }
      |                                                                                                                                                               ~~~~~~~^~~~
extern/tensorflow/helia_rt_v1_6_0/third_party/flatbuffers/include/flatbuffers/vector.h:176:23: error: 'assert' was not declared in this scope
  176 |     FLATBUFFERS_ASSERT(i < size());
extern/tensorflow/helia_rt_v1_6_0/third_party/flatbuffers/include/flatbuffers/vector.h:176:23: note: 'assert' is defined in header '<cassert>'; this is probably fixable by adding '#include <cassert>'
extern/tensorflow/helia_rt_v1_6_0/third_party/flatbuffers/include/flatbuffers/vector.h: In instantiation of 'flatbuffers::Vector<T, SizeT>::return_type flatbuffers::Vector<T, SizeT>::Get(SizeT) const [with T = flatbuffers::Offset<tflite::Buffer>; SizeT = long unsigned int; return_type = const tflite::Buffer*]':
extern/tensorflow/helia_rt_v1_6_0/./tensorflow/lite/schema/schema_generated.h:21777:160:   required from here
21777 |   { auto _e = buffers(); if (_e) { _o->buffers.resize(_e->size()); for (::flatbuffers::uoffset_t _i = 0; _i < _e->size(); _i++) { if(_o->buffers[_i]) { _e->Get(_i)->UnPackTo(_o->buffers[_i].get(), _resolver); } else { _o->buffers[_i] = std::unique_ptr<tflite::BufferT>(_e->Get(_i)->UnPack(_resolver)); }; } } else { _o->buffers.resize(0); } }
      |                                                                                                                                                         ~~~~~~~^~~~
extern/tensorflow/helia_rt_v1_6_0/third_party/flatbuffers/include/flatbuffers/vector.h:176:23: error: 'assert' was not declared in this scope
  176 |     FLATBUFFERS_ASSERT(i < size());
extern/tensorflow/helia_rt_v1_6_0/third_party/flatbuffers/include/flatbuffers/vector.h:176:23: note: 'assert' is defined in header '<cassert>'; this is probably fixable by adding '#include <cassert>'
extern/tensorflow/helia_rt_v1_6_0/third_party/flatbuffers/include/flatbuffers/vector.h: In instantiation of 'flatbuffers::Vector<T, SizeT>::return_type flatbuffers::Vector<T, SizeT>::Get(SizeT) const [with T = flatbuffers::Offset<tflite::Metadata>; SizeT = long unsigned int; return_type = const tflite::Metadata*]':
extern/tensorflow/helia_rt_v1_6_0/./tensorflow/lite/schema/schema_generated.h:21779:163:   required from here
21779 |   { auto _e = metadata(); if (_e) { _o->metadata.resize(_e->size()); for (::flatbuffers::uoffset_t _i = 0; _i < _e->size(); _i++) { if(_o->metadata[_i]) { _e->Get(_i)->UnPackTo(_o->metadata[_i].get(), _resolver); } else { _o->metadata[_i] = std::unique_ptr<tflite::MetadataT>(_e->Get(_i)->UnPack(_resolver)); }; } } else { _o->metadata.resize(0); } }
      |                                                                                                                                                            ~~~~~~~^~~~
extern/tensorflow/helia_rt_v1_6_0/third_party/flatbuffers/include/flatbuffers/vector.h:176:23: error: 'assert' was not declared in this scope
  176 |     FLATBUFFERS_ASSERT(i < size());
extern/tensorflow/helia_rt_v1_6_0/third_party/flatbuffers/include/flatbuffers/vector.h:176:23: note: 'assert' is defined in header '<cassert>'; this is probably fixable by adding '#include <cassert>'
extern/tensorflow/helia_rt_v1_6_0/third_party/flatbuffers/include/flatbuffers/vector.h: In instantiation of 'flatbuffers::Vector<T, SizeT>::return_type flatbuffers::Vector<T, SizeT>::Get(SizeT) const [with T = flatbuffers::Offset<tflite::SignatureDef>; SizeT = long unsigned int; return_type = const tflite::SignatureDef*]':
extern/tensorflow/helia_rt_v1_6_0/./tensorflow/lite/schema/schema_generated.h:21780:181:   required from here
21780 |   { auto _e = signature_defs(); if (_e) { _o->signature_defs.resize(_e->size()); for (::flatbuffers::uoffset_t _i = 0; _i < _e->size(); _i++) { if(_o->signature_defs[_i]) { _e->Get(_i)->UnPackTo(_o->signature_defs[_i].get(), _resolver); } else { _o->signature_defs[_i] = std::unique_ptr<tflite::SignatureDefT>(_e->Get(_i)->UnPack(_resolver)); }; } } else { _o->signature_defs.resize(0); } }
      |                                                                                                                                                                              ~~~~~~~^~~~
extern/tensorflow/helia_rt_v1_6_0/third_party/flatbuffers/include/flatbuffers/vector.h:176:23: error: 'assert' was not declared in this scope
  176 |     FLATBUFFERS_ASSERT(i < size());
extern/tensorflow/helia_rt_v1_6_0/third_party/flatbuffers/include/flatbuffers/vector.h:176:23: note: 'assert' is defined in header '<cassert>'; this is probably fixable by adding '#include <cassert>'
extern/tensorflow/helia_rt_v1_6_0/third_party/flatbuffers/include/flatbuffers/flatbuffer_builder.h: In instantiation of 'flatbuffers::Offset<flatbuffers::Vector<T> > flatbuffers::FlatBufferBuilderImpl<Is64Aware>::CreateVector(size_t, F, S*) [with T = flatbuffers::Offset<tflite::OperatorCode>; F = tflite::CreateModel(flatbuffers::FlatBufferBuilder&, const ModelT*, const flatbuffers::rehasher_function_t*)::<lambda(size_t, tflite::CreateModel(flatbuffers::FlatBufferBuilder&, const ModelT*, const flatbuffers::rehasher_function_t*)::_VectorArgs*)>; S = tflite::CreateModel(flatbuffers::FlatBufferBuilder&, const ModelT*, const flatbuffers::rehasher_function_t*)::_VectorArgs; bool Is64Aware = false; size_t = unsigned int]':
extern/tensorflow/helia_rt_v1_6_0/./tensorflow/lite/schema/schema_generated.h:21792:117:   required from here
21792 |   auto _operator_codes = _o->operator_codes.size() ? _fbb.CreateVector<::flatbuffers::Offset<tflite::OperatorCode>> (_o->operator_codes.size(), [](size_t i, _VectorArgs *__va) { return CreateOperatorCode(*__va->__fbb, __va->__o->operator_codes[i].get(), __va->__rehasher); }, &_va ) : 0;
      |                                                      ~~~~~~~~~~~~~~~~~~~~~~~~~~~~~~~~~~~~~~~~~~~~~~~~~~~~~~~~~~~~~~~^~~~~~~~~~~~~~~~~~~~~~~~~~~~~~~~~~~~~~~~~~~~~~~~~~~~~~~~~~~~~~~~~~~~~~~~~~~~~~~~~~~~~~~~~~~~~~~~~~~~~~~~~~~~~~~~~~~~~~~~~~~~~~~~~~~~~~~~~~~~~~~~~~~~~~~~~~~~~~~~~~~~~~
extern/tensorflow/helia_rt_v1_6_0/third_party/flatbuffers/include/flatbuffers/flatbuffer_builder.h:838:23: error: 'assert' was not declared in this scope
  838 |     FLATBUFFERS_ASSERT(FLATBUFFERS_GENERAL_HEAP_ALLOC_OK);
extern/tensorflow/helia_rt_v1_6_0/third_party/flatbuffers/include/flatbuffers/flatbuffer_builder.h:838:23: note: 'assert' is defined in header '<cassert>'; this is probably fixable by adding '#include <cassert>'
extern/tensorflow/helia_rt_v1_6_0/third_party/flatbuffers/include/flatbuffers/flatbuffer_builder.h: In instantiation of 'flatbuffers::Offset<flatbuffers::Vector<T> > flatbuffers::FlatBufferBuilderImpl<Is64Aware>::CreateVector(size_t, F, S*) [with T = flatbuffers::Offset<tflite::SubGraph>; F = tflite::CreateModel(flatbuffers::FlatBufferBuilder&, const ModelT*, const flatbuffers::rehasher_function_t*)::<lambda(size_t, tflite::CreateModel(flatbuffers::FlatBufferBuilder&, const ModelT*, const flatbuffers::rehasher_function_t*)::_VectorArgs*)>; S = tflite::CreateModel(flatbuffers::FlatBufferBuilder&, const ModelT*, const flatbuffers::rehasher_function_t*)::_VectorArgs; bool Is64Aware = false; size_t = unsigned int]':
extern/tensorflow/helia_rt_v1_6_0/./tensorflow/lite/schema/schema_generated.h:21793:103:   required from here
21793 |   auto _subgraphs = _o->subgraphs.size() ? _fbb.CreateVector<::flatbuffers::Offset<tflite::SubGraph>> (_o->subgraphs.size(), [](size_t i, _VectorArgs *__va) { return CreateSubGraph(*__va->__fbb, __va->__o->subgraphs[i].get(), __va->__rehasher); }, &_va ) : 0;
      |                                            ~~~~~~~~~~~~~~~~~~~~~~~~~~~~~~~~~~~~~~~~~~~~~~~~~~~~~~~~~~~^~~~~~~~~~~~~~~~~~~~~~~~~~~~~~~~~~~~~~~~~~~~~~~~~~~~~~~~~~~~~~~~~~~~~~~~~~~~~~~~~~~~~~~~~~~~~~~~~~~~~~~~~~~~~~~~~~~~~~~~~~~~~~~~~~~~~~~~~~~~~~~~~~~~~~~~
extern/tensorflow/helia_rt_v1_6_0/third_party/flatbuffers/include/flatbuffers/flatbuffer_builder.h:838:23: error: 'assert' was not declared in this scope
  838 |     FLATBUFFERS_ASSERT(FLATBUFFERS_GENERAL_HEAP_ALLOC_OK);
extern/tensorflow/helia_rt_v1_6_0/third_party/flatbuffers/include/flatbuffers/flatbuffer_builder.h:838:23: note: 'assert' is defined in header '<cassert>'; this is probably fixable by adding '#include <cassert>'
extern/tensorflow/helia_rt_v1_6_0/third_party/flatbuffers/include/flatbuffers/flatbuffer_builder.h: In instantiation of 'flatbuffers::Offset<flatbuffers::Vector<T> > flatbuffers::FlatBufferBuilderImpl<Is64Aware>::CreateVector(size_t, F, S*) [with T = flatbuffers::Offset<tflite::Buffer>; F = tflite::CreateModel(flatbuffers::FlatBufferBuilder&, const ModelT*, const flatbuffers::rehasher_function_t*)::<lambda(size_t, tflite::CreateModel(flatbuffers::FlatBufferBuilder&, const ModelT*, const flatbuffers::rehasher_function_t*)::_VectorArgs*)>; S = tflite::CreateModel(flatbuffers::FlatBufferBuilder&, const ModelT*, const flatbuffers::rehasher_function_t*)::_VectorArgs; bool Is64Aware = false; size_t = unsigned int]':
extern/tensorflow/helia_rt_v1_6_0/./tensorflow/lite/schema/schema_generated.h:21795:97:   required from here
21795 |   auto _buffers = _o->buffers.size() ? _fbb.CreateVector<::flatbuffers::Offset<tflite::Buffer>> (_o->buffers.size(), [](size_t i, _VectorArgs *__va) { return CreateBuffer(*__va->__fbb, __va->__o->buffers[i].get(), __va->__rehasher); }, &_va ) : 0;
      |                                        ~~~~~~~~~~~~~~~~~~~~~~~~~~~~~~~~~~~~~~~~~~~~~~~~~~~~~~~~~^~~~~~~~~~~~~~~~~~~~~~~~~~~~~~~~~~~~~~~~~~~~~~~~~~~~~~~~~~~~~~~~~~~~~~~~~~~~~~~~~~~~~~~~~~~~~~~~~~~~~~~~~~~~~~~~~~~~~~~~~~~~~~~~~~~~~~~~~~~~~~~~~~
extern/tensorflow/helia_rt_v1_6_0/third_party/flatbuffers/include/flatbuffers/flatbuffer_builder.h:838:23: error: 'assert' was not declared in this scope
  838 |     FLATBUFFERS_ASSERT(FLATBUFFERS_GENERAL_HEAP_ALLOC_OK);
extern/tensorflow/helia_rt_v1_6_0/third_party/flatbuffers/include/flatbuffers/flatbuffer_builder.h:838:23: note: 'assert' is defined in header '<cassert>'; this is probably fixable by adding '#include <cassert>'
extern/tensorflow/helia_rt_v1_6_0/third_party/flatbuffers/include/flatbuffers/flatbuffer_builder.h: In instantiation of 'flatbuffers::Offset<flatbuffers::Vector<T> > flatbuffers::FlatBufferBuilderImpl<Is64Aware>::CreateVector(size_t, F, S*) [with T = flatbuffers::Offset<tflite::Metadata>; F = tflite::CreateModel(flatbuffers::FlatBufferBuilder&, const ModelT*, const flatbuffers::rehasher_function_t*)::<lambda(size_t, tflite::CreateModel(flatbuffers::FlatBufferBuilder&, const ModelT*, const flatbuffers::rehasher_function_t*)::_VectorArgs*)>; S = tflite::CreateModel(flatbuffers::FlatBufferBuilder&, const ModelT*, const flatbuffers::rehasher_function_t*)::_VectorArgs; bool Is64Aware = false; size_t = unsigned int]':
extern/tensorflow/helia_rt_v1_6_0/./tensorflow/lite/schema/schema_generated.h:21797:101:   required from here
21797 |   auto _metadata = _o->metadata.size() ? _fbb.CreateVector<::flatbuffers::Offset<tflite::Metadata>> (_o->metadata.size(), [](size_t i, _VectorArgs *__va) { return CreateMetadata(*__va->__fbb, __va->__o->metadata[i].get(), __va->__rehasher); }, &_va ) : 0;
      |                                          ~~~~~~~~~~~~~~~~~~~~~~~~~~~~~~~~~~~~~~~~~~~~~~~~~~~~~~~~~~~^~~~~~~~~~~~~~~~~~~~~~~~~~~~~~~~~~~~~~~~~~~~~~~~~~~~~~~~~~~~~~~~~~~~~~~~~~~~~~~~~~~~~~~~~~~~~~~~~~~~~~~~~~~~~~~~~~~~~~~~~~~~~~~~~~~~~~~~~~~~~~~~~~~~~~
extern/tensorflow/helia_rt_v1_6_0/third_party/flatbuffers/include/flatbuffers/flatbuffer_builder.h:838:23: error: 'assert' was not declared in this scope
  838 |     FLATBUFFERS_ASSERT(FLATBUFFERS_GENERAL_HEAP_ALLOC_OK);
extern/tensorflow/helia_rt_v1_6_0/third_party/flatbuffers/include/flatbuffers/flatbuffer_builder.h:838:23: note: 'assert' is defined in header '<cassert>'; this is probably fixable by adding '#include <cassert>'
extern/tensorflow/helia_rt_v1_6_0/third_party/flatbuffers/include/flatbuffers/flatbuffer_builder.h: In instantiation of 'flatbuffers::Offset<flatbuffers::Vector<T> > flatbuffers::FlatBufferBuilderImpl<Is64Aware>::CreateVector(size_t, F, S*) [with T = flatbuffers::Offset<tflite::SignatureDef>; F = tflite::CreateModel(flatbuffers::FlatBufferBuilder&, const ModelT*, const flatbuffers::rehasher_function_t*)::<lambda(size_t, tflite::CreateModel(flatbuffers::FlatBufferBuilder&, const ModelT*, const flatbuffers::rehasher_function_t*)::_VectorArgs*)>; S = tflite::CreateModel(flatbuffers::FlatBufferBuilder&, const ModelT*, const flatbuffers::rehasher_function_t*)::_VectorArgs; bool Is64Aware = false; size_t = unsigned int]':
extern/tensorflow/helia_rt_v1_6_0/./tensorflow/lite/schema/schema_generated.h:21798:117:   required from here
21798 |   auto _signature_defs = _o->signature_defs.size() ? _fbb.CreateVector<::flatbuffers::Offset<tflite::SignatureDef>> (_o->signature_defs.size(), [](size_t i, _VectorArgs *__va) { return CreateSignatureDef(*__va->__fbb, __va->__o->signature_defs[i].get(), __va->__rehasher); }, &_va ) : 0;
      |                                                      ~~~~~~~~~~~~~~~~~~~~~~~~~~~~~~~~~~~~~~~~~~~~~~~~~~~~~~~~~~~~~~~^~~~~~~~~~~~~~~~~~~~~~~~~~~~~~~~~~~~~~~~~~~~~~~~~~~~~~~~~~~~~~~~~~~~~~~~~~~~~~~~~~~~~~~~~~~~~~~~~~~~~~~~~~~~~~~~~~~~~~~~~~~~~~~~~~~~~~~~~~~~~~~~~~~~~~~~~~~~~~~~~~~~~~
extern/tensorflow/helia_rt_v1_6_0/third_party/flatbuffers/include/flatbuffers/flatbuffer_builder.h:838:23: error: 'assert' was not declared in this scope
  838 |     FLATBUFFERS_ASSERT(FLATBUFFERS_GENERAL_HEAP_ALLOC_OK);
extern/tensorflow/helia_rt_v1_6_0/third_party/flatbuffers/include/flatbuffers/flatbuffer_builder.h:838:23: note: 'assert' is defined in header '<cassert>'; this is probably fixable by adding '#include <cassert>'
extern/tensorflow/helia_rt_v1_6_0/third_party/flatbuffers/include/flatbuffers/vector.h: In instantiation of 'flatbuffers::Vector<T, SizeT>::return_type flatbuffers::Vector<T, SizeT>::Get(SizeT) const [with T = flatbuffers::Offset<>; SizeT = long unsigned int; return_type = const void*]':
extern/tensorflow/helia_rt_v1_6_0/./tensorflow/lite/schema/schema_generated.h:21833:31:   required from here
21833 |         verifier,  values->Get(i), types->GetEnum<QuantizationDetails>(i))) {
      |                    ~~~~~~~~~~~^~~
extern/tensorflow/helia_rt_v1_6_0/third_party/flatbuffers/include/flatbuffers/vector.h:176:23: error: 'assert' was not declared in this scope
  176 |     FLATBUFFERS_ASSERT(i < size());
extern/tensorflow/helia_rt_v1_6_0/third_party/flatbuffers/include/flatbuffers/vector.h:176:23: note: 'assert' is defined in header '<cassert>'; this is probably fixable by adding '#include <cassert>'
extern/tensorflow/helia_rt_v1_6_0/third_party/gemmlowp/fixedpoint/fixedpoint.h: In instantiation of 'IntegerType gemmlowp::RoundingDivideByPOT(IntegerType, int) [with IntegerType = long int]':
extern/tensorflow/helia_rt_v1_6_0/./tensorflow/lite/kernels/internal/common.h:319:29:   required from here
  319 |   return RoundingDivideByPOT(
      |          ~~~~~~~~~~~~~~~~~~~^
  320 |       SaturatingRoundingDoublingHighMul(x, quantized_multiplier), -left_shift);
      |       ~~~~~~~~~~~~~~~~~~~~~~~~~~~~~~~~~~~~~~~~~~~~~~~~~~~~~~~~~~~~~~~~~~~~~~~~
extern/tensorflow/helia_rt_v1_6_0/third_party/gemmlowp/fixedpoint/fixedpoint.h:358:9: error: 'assert' was not declared in this scope
  358 |   assert(exponent >= 0);
      |   ~~~~~~^~~~~~~~~~~~~~~
extern/tensorflow/helia_rt_v1_6_0/third_party/gemmlowp/fixedpoint/fixedpoint.h:28:1: note: 'assert' is defined in header '<cassert>'; this is probably fixable by adding '#include <cassert>'
   27 | #include "../internal/detect_platform.h"
  +++ |+#include <cassert>
   28 | 
extern/tensorflow/helia_rt_v1_6_0/third_party/gemmlowp/fixedpoint/fixedpoint.h:359:9: error: 'assert' was not declared in this scope, and no declarations were found by argument-dependent lookup at the point of instantiation
  359 |   assert(exponent <= 31);
      |   ~~~~~~^~~~~~~~~~~~~~~~
extern/tensorflow/helia_rt_v1_6_0/third_party/gemmlowp/fixedpoint/fixedpoint.h:358:9: note: 'assert' declared here, later in the translation unit
  358 |   assert(exponent >= 0);
      |   ~~~~~~^~~~~~~~~~~~~~~
extern/tensorflow/helia_rt_v1_6_0/third_party/flatbuffers/include/flatbuffers/flatbuffer_builder.h: In instantiation of 'void flatbuffers::FlatBufferBuilderImpl<Is64Aware>::NotNested() [with bool Is64Aware = true]':
extern/tensorflow/helia_rt_v1_6_0/third_party/flatbuffers/include/flatbuffers/flatbuffer_builder.h:1361:5:   required from 'void flatbuffers::FlatBufferBuilderImpl<Is64Aware>::CreateStringImpl(const char*, size_t) [with bool Is64Aware = true; size_t = unsigned int]'
 1361 |     NotNested();
      |     ^~~~~~~~~
extern/tensorflow/helia_rt_v1_6_0/third_party/flatbuffers/include/flatbuffers/flatbuffer_builder.h:1424:19:   required from here
 1424 |   CreateStringImpl(str, len);
      |   ~~~~~~~~~~~~~~~~^~~~~~~~~~
extern/tensorflow/helia_rt_v1_6_0/third_party/flatbuffers/include/flatbuffers/flatbuffer_builder.h:406:23: error: 'assert' was not declared in this scope
  406 |     FLATBUFFERS_ASSERT(!nested);
extern/tensorflow/helia_rt_v1_6_0/third_party/flatbuffers/include/flatbuffers/flatbuffer_builder.h:406:23: note: 'assert' is defined in header '<cassert>'; this is probably fixable by adding '#include <cassert>'
extern/tensorflow/helia_rt_v1_6_0/third_party/flatbuffers/include/flatbuffers/flatbuffer_builder.h:408:23: error: 'assert' was not declared in this scope, and no declarations were found by argument-dependent lookup at the point of instantiation
  408 |     FLATBUFFERS_ASSERT(!num_field_loc);
extern/tensorflow/helia_rt_v1_6_0/third_party/flatbuffers/include/flatbuffers/flatbuffer_builder.h:406:23: note: 'assert' declared here, later in the translation unit
  406 |     FLATBUFFERS_ASSERT(!nested);
extern/tensorflow/helia_rt_v1_6_0/third_party/flatbuffers/include/flatbuffers/flatbuffer_builder.h: In instantiation of 'void flatbuffers::FlatBufferBuilderImpl<Is64Aware>::NotNested() [with bool Is64Aware = false]':
extern/tensorflow/helia_rt_v1_6_0/third_party/flatbuffers/include/flatbuffers/flatbuffer_builder.h:414:5:   required from 'flatbuffers::uoffset_t flatbuffers::FlatBufferBuilderImpl<Is64Aware>::StartTable() [with bool Is64Aware = false; flatbuffers::uoffset_t = long unsigned int]'
  414 |     NotNested();
      |     ^~~~~~~~~
extern/tensorflow/helia_rt_v1_6_0/./tensorflow/lite/schema/schema_generated.h:5138:29:   required from here
 5138 |     start_ = fbb_.StartTable();
      |              ~~~~~~~~~~~~~~~^~
extern/tensorflow/helia_rt_v1_6_0/third_party/flatbuffers/include/flatbuffers/flatbuffer_builder.h:406:23: error: 'assert' was not declared in this scope
  406 |     FLATBUFFERS_ASSERT(!nested);
extern/tensorflow/helia_rt_v1_6_0/third_party/flatbuffers/include/flatbuffers/flatbuffer_builder.h:406:23: note: 'assert' is defined in header '<cassert>'; this is probably fixable by adding '#include <cassert>'
extern/tensorflow/helia_rt_v1_6_0/third_party/flatbuffers/include/flatbuffers/flatbuffer_builder.h:408:23: error: 'assert' was not declared in this scope, and no declarations were found by argument-dependent lookup at the point of instantiation
  408 |     FLATBUFFERS_ASSERT(!num_field_loc);
extern/tensorflow/helia_rt_v1_6_0/third_party/flatbuffers/include/flatbuffers/flatbuffer_builder.h:406:23: note: 'assert' declared here, later in the translation unit
  406 |     FLATBUFFERS_ASSERT(!nested);
extern/tensorflow/helia_rt_v1_6_0/third_party/flatbuffers/include/flatbuffers/flatbuffer_builder.h: In instantiation of 'ReturnT flatbuffers::FlatBufferBuilderImpl<Is64Aware>::EndVector(size_t) [with LenT = long unsigned int; ReturnT = long unsigned int; bool Is64Aware = false; size_t = unsigned int]':
extern/tensorflow/helia_rt_v1_6_0/third_party/flatbuffers/include/flatbuffers/flatbuffer_builder.h:1200:39:   required from 'flatbuffers::Offset<flatbuffers::Vector<T> > flatbuffers::FlatBufferBuilderImpl<Is64Aware>::CreateVectorScalarCast(const U*, size_t) [with T = long unsigned int; U = tflite::StablehloPrecisionConfig; bool Is64Aware = false; size_t = unsigned int]'
 1200 |     return Offset<Vector<T>>(EndVector(len));
      |                              ~~~~~~~~~^~~~~
extern/tensorflow/helia_rt_v1_6_0/./tensorflow/lite/schema/schema_generated.h:17430:95:   required from here
17430 |   auto _precision_config = _o->precision_config.size() ? _fbb.CreateVectorScalarCast<uint32_t>(::flatbuffers::data(_o->precision_config), _o->precision_config.size()) : 0;
      |                                                          ~~~~~~~~~~~~~~~~~~~~~~~~~~~~~~~~~~~~~^~~~~~~~~~~~~~~~~~~~~~~~~~~~~~~~~~~~~~~~~~~~~~~~~~~~~~~~~~~~~~~~~~~~~~~~
extern/tensorflow/helia_rt_v1_6_0/third_party/flatbuffers/include/flatbuffers/flatbuffer_builder.h:675:23: error: 'assert' was not declared in this scope
  675 |     FLATBUFFERS_ASSERT(nested);  // Hit if no corresponding StartVector.
extern/tensorflow/helia_rt_v1_6_0/third_party/flatbuffers/include/flatbuffers/flatbuffer_builder.h:675:23: note: 'assert' is defined in header '<cassert>'; this is probably fixable by adding '#include <cassert>'
extern/tensorflow/helia_rt_v1_6_0/third_party/flatbuffers/include/flatbuffers/flatbuffer_builder.h: In instantiation of 'void flatbuffers::FlatBufferBuilderImpl<Is64Aware>::Finish(flatbuffers::uoffset_t, const char*, bool) [with bool Is64Aware = false; flatbuffers::uoffset_t = long unsigned int]':
extern/tensorflow/helia_rt_v1_6_0/third_party/flatbuffers/include/flatbuffers/flatbuffer_builder.h:1217:11:   required from 'void flatbuffers::FlatBufferBuilderImpl<Is64Aware>::Finish(flatbuffers::Offset<T>, const char*) [with T = tflite::Model; bool Is64Aware = false]'
 1217 |     Finish(root.o, file_identifier, false);
      |     ~~~~~~^~~~~~~~~~~~~~~~~~~~~~~~~~~~~~~~
extern/tensorflow/helia_rt_v1_6_0/./tensorflow/lite/schema/schema_generated.h:25284:13:   required from here
25284 |   fbb.Finish(root, ModelIdentifier());
      |   ~~~~~~~~~~^~~~~~~~~~~~~~~~~~~~~~~~~
extern/tensorflow/helia_rt_v1_6_0/third_party/flatbuffers/include/flatbuffers/flatbuffer_builder.h:1261:25: error: 'assert' was not declared in this scope
 1261 |       FLATBUFFERS_ASSERT(strlen(file_identifier) == kFileIdentifierLength);
extern/tensorflow/helia_rt_v1_6_0/third_party/flatbuffers/include/flatbuffers/flatbuffer_builder.h:1261:25: note: 'assert' is defined in header '<cassert>'; this is probably fixable by adding '#include <cassert>'
extern/tensorflow/helia_rt_v1_6_0/third_party/flatbuffers/include/flatbuffers/flatbuffer_builder.h: In instantiation of 'T flatbuffers::FlatBufferBuilderImpl<Is64Aware>::ReferTo(T, T) [with T = long unsigned int; bool Is64Aware = false]':
extern/tensorflow/helia_rt_v1_6_0/third_party/flatbuffers/include/flatbuffers/flatbuffer_builder.h:377:19:   required from 'flatbuffers::uoffset_t flatbuffers::FlatBufferBuilderImpl<Is64Aware>::ReferTo(flatbuffers::uoffset_t) [with bool Is64Aware = false; flatbuffers::uoffset_t = long unsigned int]'
  377 |     return ReferTo(off, GetSizeRelative32BitRegion());
      |            ~~~~~~~^~~~~~~~~~~~~~~~~~~~~~~~~~~~~~~~~~~
extern/tensorflow/helia_rt_v1_6_0/third_party/flatbuffers/include/flatbuffers/flatbuffer_builder.h:349:30:   required from 'void flatbuffers::FlatBufferBuilderImpl<Is64Aware>::AddOffset(flatbuffers::voffset_t, flatbuffers::Offset<T>) [with T = flatbuffers::Vector<unsigned char>; bool Is64Aware = false; flatbuffers::voffset_t = short unsigned int]'
  349 |     AddElement(field, ReferTo(off.o), static_cast<uoffset_t>(0));
      |                       ~~~~~~~^~~~~~~
extern/tensorflow/helia_rt_v1_6_0/./tensorflow/lite/schema/schema_generated.h:5134:19:   required from here
 5134 |     fbb_.AddOffset(CustomQuantization::VT_CUSTOM, custom);
      |     ~~~~~~~~~~~~~~^~~~~~~~~~~~~~~~~~~~~~~~~~~~~~~~~~~~~~~
extern/tensorflow/helia_rt_v1_6_0/third_party/flatbuffers/include/flatbuffers/flatbuffer_builder.h:393:23: error: 'assert' was not declared in this scope
  393 |     FLATBUFFERS_ASSERT(off && off <= size);
extern/tensorflow/helia_rt_v1_6_0/third_party/flatbuffers/include/flatbuffers/flatbuffer_builder.h:393:23: note: 'assert' is defined in header '<cassert>'; this is probably fixable by adding '#include <cassert>'
In file included from extern/tensorflow/helia_rt_v1_6_0/third_party/flatbuffers/include/flatbuffers/flatbuffer_builder.h:38:
extern/tensorflow/helia_rt_v1_6_0/third_party/flatbuffers/include/flatbuffers/vector_downward.h: In instantiation of 'size_t flatbuffers::vector_downward<SizeT>::ensure_space(size_t) [with SizeT = long long unsigned int; size_t = unsigned int]':
extern/tensorflow/helia_rt_v1_6_0/third_party/flatbuffers/include/flatbuffers/vector_downward.h:152:7:   required from 'uint8_t* flatbuffers::vector_downward<SizeT>::make_space(size_t) [with SizeT = long long unsigned int; uint8_t = unsigned char; size_t = unsigned int]'
  152 |       ensure_space(len);
      |       ^~~~~~~~~~~~
extern/tensorflow/helia_rt_v1_6_0/third_party/flatbuffers/include/flatbuffers/vector_downward.h:214:5:   required from 'void flatbuffers::vector_downward<SizeT>::fill(size_t) [with SizeT = long long unsigned int; size_t = unsigned int]'
  214 |     make_space(zero_pad_bytes);
      |     ^~~~~~~~~~
extern/tensorflow/helia_rt_v1_6_0/third_party/flatbuffers/include/flatbuffers/flatbuffer_builder.h:1363:14:   required from 'void flatbuffers::FlatBufferBuilderImpl<Is64Aware>::CreateStringImpl(const char*, size_t) [with bool Is64Aware = true; size_t = unsigned int]'
 1363 |     buf_.fill(1);
      |     ~~~~~~~~~^~~
extern/tensorflow/helia_rt_v1_6_0/third_party/flatbuffers/include/flatbuffers/flatbuffer_builder.h:1424:19:   required from here
 1424 |   CreateStringImpl(str, len);
      |   ~~~~~~~~~~~~~~~~^~~~~~~~~~
extern/tensorflow/helia_rt_v1_6_0/third_party/flatbuffers/include/flatbuffers/vector_downward.h:142:23: error: 'assert' was not declared in this scope
  142 |     FLATBUFFERS_ASSERT(cur_ >= scratch_ && scratch_ >= buf_);
extern/tensorflow/helia_rt_v1_6_0/third_party/flatbuffers/include/flatbuffers/vector_downward.h:1:1: note: 'assert' is defined in header '<cassert>'; this is probably fixable by adding '#include <cassert>'
  +++ |+#include <cassert>
    1 | /*
extern/tensorflow/helia_rt_v1_6_0/third_party/flatbuffers/include/flatbuffers/vector_downward.h:146:23: error: 'assert' was not declared in this scope, and no declarations were found by argument-dependent lookup at the point of instantiation
  146 |     FLATBUFFERS_ASSERT(size() < max_size_);
extern/tensorflow/helia_rt_v1_6_0/third_party/flatbuffers/include/flatbuffers/vector_downward.h:142:23: note: 'assert' declared here, later in the translation unit
  142 |     FLATBUFFERS_ASSERT(cur_ >= scratch_ && scratch_ >= buf_);
extern/tensorflow/helia_rt_v1_6_0/third_party/flatbuffers/include/flatbuffers/vector_downward.h: In instantiation of 'size_t flatbuffers::vector_downward<SizeT>::ensure_space(size_t) [with SizeT = long unsigned int; size_t = unsigned int]':
extern/tensorflow/helia_rt_v1_6_0/third_party/flatbuffers/include/flatbuffers/vector_downward.h:206:5:   required from 'void flatbuffers::vector_downward<SizeT>::scratch_push_small(const T&) [with T = flatbuffers::FlatBufferBuilderImpl<false>::FieldLoc; SizeT = long unsigned int]'
  206 |     ensure_space(sizeof(T));
      |     ^~~~~~~~~~~~
extern/tensorflow/helia_rt_v1_6_0/third_party/flatbuffers/include/flatbuffers/flatbuffer_builder.h:331:28:   required from 'void flatbuffers::FlatBufferBuilderImpl<Is64Aware>::TrackField(flatbuffers::voffset_t, flatbuffers::uoffset_t) [with bool Is64Aware = false; flatbuffers::voffset_t = short unsigned int; flatbuffers::uoffset_t = long unsigned int]'
  331 |     buf_.scratch_push_small(fl);
      |     ~~~~~~~~~~~~~~~~~~~~~~~^~~~
extern/tensorflow/helia_rt_v1_6_0/third_party/flatbuffers/include/flatbuffers/flatbuffer_builder.h:340:5:   required from 'void flatbuffers::FlatBufferBuilderImpl<Is64Aware>::AddElement(flatbuffers::voffset_t, T, T) [with T = long int; bool Is64Aware = false; flatbuffers::voffset_t = short unsigned int]'
  340 |     TrackField(field, PushElement(e));
      |     ^~~~~~~~~~
extern/tensorflow/helia_rt_v1_6_0/./tensorflow/lite/schema/schema_generated.h:5208:29:   required from here
 5208 |     fbb_.AddElement<int32_t>(BlockwiseQuantization::VT_SCALES, scales, 0);
      |     ~~~~~~~~~~~~~~~~~~~~~~~~^~~~~~~~~~~~~~~~~~~~~~~~~~~~~~~~~~~~~~~~~~~~~
extern/tensorflow/helia_rt_v1_6_0/third_party/flatbuffers/include/flatbuffers/vector_downward.h:142:23: error: 'assert' was not declared in this scope
  142 |     FLATBUFFERS_ASSERT(cur_ >= scratch_ && scratch_ >= buf_);
extern/tensorflow/helia_rt_v1_6_0/third_party/flatbuffers/include/flatbuffers/vector_downward.h:142:23: note: 'assert' is defined in header '<cassert>'; this is probably fixable by adding '#include <cassert>'
extern/tensorflow/helia_rt_v1_6_0/third_party/flatbuffers/include/flatbuffers/vector_downward.h:146:23: error: 'assert' was not declared in this scope, and no declarations were found by argument-dependent lookup at the point of instantiation
  146 |     FLATBUFFERS_ASSERT(size() < max_size_);
extern/tensorflow/helia_rt_v1_6_0/third_party/flatbuffers/include/flatbuffers/vector_downward.h:142:23: note: 'assert' declared here, later in the translation unit
  142 |     FLATBUFFERS_ASSERT(cur_ >= scratch_ && scratch_ >= buf_);
make: *** [build/apollo330P_evb/arm-none-eabi/apps/basic_tf_stub/src/basic_tf_stub.o] Error 1
